This file contains any messages produced by compilers while
running configure, to aid debugging if configure makes a mistake.

It was created by Berkeley DB configure 4.1.25, which was
generated by GNU Autoconf 2.57.  Invocation command line was

  $ ./configure --disable-option-checking --prefix=/home/test/opt --enable-maintainer-mode --libdir /home/test/opt/lib64 --with-krb5=/usr --enable-nss=yes --with-nspr-includes=/usr/include/nspr4/ --with-nspr-libs=/usr/lib64 --with-nss-includes=/usr/include/nss3 --with-nss-libs=/usr/lib64 --enable-smime=yes --enable-nntp=yes --enable-exchange=yes --enable-gnome-keyring=yes --enable-gtk-doc=yes --with-openldap=/usr/lib64/evoldap/ --with-weather=yes LDFLAGS=-L/home/test/opt/lib64  --cache-file=/dev/null --srcdir=.

## --------- ##
## Platform. ##
## --------- ##

hostname = linux-6tvq
uname -m = x86_64
uname -r = 2.6.27.7-9-default
uname -s = Linux
uname -v = #1 SMP 2008-12-04 18:10:04 +0100

/usr/bin/uname -p = unknown
/bin/uname -X     = unknown

/bin/arch              = x86_64
/usr/bin/arch -k       = unknown
/usr/convex/getsysinfo = unknown
hostinfo               = unknown
/bin/machine           = unknown
/usr/bin/oslevel       = unknown
/bin/universe          = unknown

PATH: /home/test/opt/bin
PATH: /usr/lib64/mpi/gcc/openmpi/bin
PATH: /home/test/bin
PATH: /usr/local/bin
PATH: /usr/bin
PATH: /bin
PATH: /usr/bin/X11
PATH: /usr/X11R6/bin
PATH: /usr/games
PATH: /usr/lib64/jvm/jre/bin
PATH: /usr/lib/mit/bin
PATH: /usr/lib/mit/sbin


## ----------- ##
## Core tests. ##
## ----------- ##

configure:1521: checking build system type
configure:1539: result: x86_64-unknown-linux-gnu
configure:1547: checking host system type
configure:1561: result: x86_64-unknown-linux-gnu
configure:1584: checking if building in the top-level directory
configure:1591: result: no
configure:1677: checking if --enable-compat185 option specified
configure:1686: result: no
configure:1689: checking if --enable-cxx option specified
configure:1698: result: no
configure:1701: checking if --enable-debug option specified
configure:1710: result: no
configure:1713: checking if --enable-debug_rop option specified
configure:1722: result: no
configure:1725: checking if --enable-debug_wop option specified
configure:1734: result: no
configure:1737: checking if --enable-diagnostic option specified
configure:1746: result: no
configure:1749: checking if --enable-dump185 option specified
configure:1758: result: no
configure:1761: checking if --enable-java option specified
configure:1770: result: no
configure:1773: checking if --enable-pthreadsmutexes option specified
configure:1784: result: yes
configure:1790: checking if --enable-posixmutexes option specified
configure:1799: result: no
configure:1802: checking if --enable-rpc option specified
configure:1811: result: no
configure:1814: checking if --enable-tcl option specified
configure:1823: result: no
configure:1826: checking if --enable-test option specified
configure:1835: result: no
configure:1838: checking if --enable-uimutexes option specified
configure:1847: result: no
configure:1850: checking if --enable-umrw option specified
configure:1859: result: no
configure:1862: checking if --with-embedix=DIR option specified
configure:1874: result: no
configure:1887: checking if --with-mutex=MUTEX option specified
configure:1905: result: no
configure:1908: checking if --with-rpm=DIR option specified
configure:1929: result: no
configure:1932: checking if --with-tcl=DIR option specified
configure:1942: result: no
configure:1948: checking if --with-uniquename=NAME option specified
configure:1967: result: _eds
configure:2076: checking for ar
configure:2092: found /usr/bin/ar
configure:2103: result: ar
configure:2162: checking for chmod
configure:2178: found /bin/chmod
configure:2189: result: chmod
configure:2248: checking for cp
configure:2264: found /bin/cp
configure:2275: result: cp
configure:2461: checking for ln
configure:2477: found /bin/ln
configure:2488: result: ln
configure:2547: checking for mkdir
configure:2563: found /bin/mkdir
configure:2574: result: mkdir
configure:2635: checking for ranlib
configure:2651: found /usr/bin/ranlib
configure:2662: result: ranlib
configure:2676: checking for ranlib
configure:2694: found /usr/bin/ranlib
configure:2707: result: /usr/bin/ranlib
configure:2756: checking for rm
configure:2772: found /bin/rm
configure:2783: result: rm
configure:2932: checking for sh
configure:2948: found /usr/bin/sh
configure:2959: result: sh
configure:2973: checking for sh
configure:2991: found /usr/bin/sh
configure:3004: result: /usr/bin/sh
configure:3062: checking for strip
configure:3078: found /usr/bin/strip
configure:3089: result: strip
configure:3103: checking for strip
configure:3121: found /usr/bin/strip
configure:3134: result: /usr/bin/strip
configure:3244: checking for a BSD-compatible install
configure:3298: result: /home/test/.local/bin/install-check
configure:3467: checking for cc
configure:3483: found /usr/local/bin/cc
configure:3493: result: cc
configure:3514: checking for C compiler version
configure:3517: cc --version </dev/null >&5
cc (SUSE Linux) 4.3.2 [gcc-4_3-branch revision 141291]
Copyright (C) 2008 Free Software Foundation, Inc.
This is free software; see the source for copying conditions.  There is NO
warranty; not even for MERCHANTABILITY or FITNESS FOR A PARTICULAR PURPOSE.

configure:3520: $? = 0
configure:3522: cc -v </dev/null >&5
Using built-in specs.
Target: x86_64-suse-linux
Configured with: ../configure --prefix=/usr --infodir=/usr/share/info --mandir=/usr/share/man --libdir=/usr/lib64 --libexecdir=/usr/lib64 --enable-languages=c,c++,objc,fortran,obj-c++,java,ada --enable-checking=release --with-gxx-include-dir=/usr/include/c++/4.3 --enable-ssp --disable-libssp --with-bugurl=http://bugs.opensuse.org/ --with-pkgversion='SUSE Linux' --disable-libgcj --disable-libmudflap --with-slibdir=/lib64 --with-system-zlib --enable-__cxa_atexit --enable-libstdcxx-allocator=new --disable-libstdcxx-pch --enable-version-specific-runtime-libs --program-suffix=-4.3 --enable-linux-futex --without-system-libunwind --with-cpu=generic --build=x86_64-suse-linux
Thread model: posix
gcc version 4.3.2 [gcc-4_3-branch revision 141291] (SUSE Linux) 
configure:3525: $? = 0
configure:3527: cc -V </dev/null >&5
cc: '-V' option must have argument
configure:3530: $? = 1
configure:3554: checking for C compiler default output
configure:3557: cc -O2  -D_GNU_SOURCE -D_REENTRANT -L/home/test/opt/lib64  conftest.c  >&5
configure:3560: $? = 0
configure:3606: result: a.out
configure:3611: checking whether the C compiler works
configure:3617: ./a.out
configure:3620: $? = 0
configure:3637: result: yes
configure:3644: checking whether we are cross compiling
configure:3646: result: no
configure:3649: checking for suffix of executables
configure:3651: cc -o conftest -O2  -D_GNU_SOURCE -D_REENTRANT -L/home/test/opt/lib64  conftest.c  >&5
configure:3654: $? = 0
configure:3679: result: 
configure:3685: checking for suffix of object files
configure:3707: cc -c -O2  -D_GNU_SOURCE -D_REENTRANT conftest.c >&5
configure:3710: $? = 0
configure:3732: result: o
configure:3736: checking whether we are using the GNU C compiler
configure:3761: cc -c -O2  -D_GNU_SOURCE -D_REENTRANT conftest.c >&5
configure:3764: $? = 0
configure:3767: test -s conftest.o
configure:3770: $? = 0
configure:3783: result: yes
configure:3789: checking whether cc accepts -g
configure:3811: cc -c -g  -D_GNU_SOURCE -D_REENTRANT conftest.c >&5
configure:3814: $? = 0
configure:3817: test -s conftest.o
configure:3820: $? = 0
configure:3831: result: yes
configure:3848: checking for cc option to accept ANSI C
configure:3909: cc  -c -O2  -D_GNU_SOURCE -D_REENTRANT conftest.c >&5
configure:3912: $? = 0
configure:3915: test -s conftest.o
configure:3918: $? = 0
configure:3936: result: none needed
configure:3954: cc -c -O2  -D_GNU_SOURCE -D_REENTRANT conftest.c >&5
conftest.c:2: error: expected '=', ',', ';', 'asm' or '__attribute__' before 'me'
configure:3957: $? = 1
configure: failed program was:
| #ifndef __cplusplus
|   choke me
| #endif
configure:4876: checking whether we are using gcc version 2.96
configure:4891: result: no
configure:4902: checking whether g++ requires -fhandle-exceptions
configure:4917: result: no
configure:5030: checking for ld used by GCC
configure:5093: result: /usr/x86_64-suse-linux/bin/ld
configure:5102: checking if the linker (/usr/x86_64-suse-linux/bin/ld) is GNU ld
GNU ld (GNU Binutils; openSUSE 11.1) 2.19
configure:5114: result: yes
configure:5119: checking for /usr/x86_64-suse-linux/bin/ld option to reload object files
configure:5126: result: -r
configure:5131: checking for BSD-compatible nm
configure:5167: result: /usr/bin/nm -B
configure:5170: checking whether ln -s works
configure:5174: result: yes
configure:5181: checking how to recognise dependant libraries
configure:5363: result: pass_all
configure:5376: checking command to parse /usr/bin/nm -B output
configure:5457: cc -c -O2  -D_GNU_SOURCE -D_REENTRANT conftest.c >&5
configure:5460: $? = 0
configure:5464: /usr/bin/nm -B conftest.o \| sed -n -e 's/^.*[ 	]\([ABCDGISTW][ABCDGISTW]*\)[ 	][ 	]*\(\)\([_A-Za-z][_A-Za-z0-9]*\)$/\1 \2\3 \3/p' \> conftest.nm
configure:5467: $? = 0
configure:5519: cc -o conftest -O2  -D_GNU_SOURCE -D_REENTRANT -L/home/test/opt/lib64  conftest.c conftstm.o >&5
configure:5522: $? = 0
configure:5566: result: ok
configure:5575: checking how to run the C preprocessor
configure:5611: cc -E  -D_GNU_SOURCE -D_REENTRANT conftest.c
configure:5617: $? = 0
configure:5649: cc -E  -D_GNU_SOURCE -D_REENTRANT conftest.c
configure:5648:28: error: ac_nonexistent.h: No such file or directory
configure:5655: $? = 1
configure: failed program was:
| #line 5640 "configure"
| /* confdefs.h.  */
| 
| #define PACKAGE_NAME "Berkeley DB"
| #define PACKAGE_TARNAME "db-4.1.25"
| #define PACKAGE_VERSION "4.1.25"
| #define PACKAGE_STRING "Berkeley DB 4.1.25"
| #define PACKAGE_BUGREPORT "support@sleepycat.com"
| /* end confdefs.h.  */
| #include <ac_nonexistent.h>
configure:5693: result: cc -E
configure:5718: cc -E  -D_GNU_SOURCE -D_REENTRANT conftest.c
configure:5724: $? = 0
configure:5756: cc -E  -D_GNU_SOURCE -D_REENTRANT conftest.c
configure:5755:28: error: ac_nonexistent.h: No such file or directory
configure:5762: $? = 1
configure: failed program was:
| #line 5747 "configure"
| /* confdefs.h.  */
| 
| #define PACKAGE_NAME "Berkeley DB"
| #define PACKAGE_TARNAME "db-4.1.25"
| #define PACKAGE_VERSION "4.1.25"
| #define PACKAGE_STRING "Berkeley DB 4.1.25"
| #define PACKAGE_BUGREPORT "support@sleepycat.com"
| /* end confdefs.h.  */
| #include <ac_nonexistent.h>
configure:5805: checking for egrep
configure:5815: result: grep -E
configure:5820: checking for ANSI C header files
configure:5846: cc -c -O2  -D_GNU_SOURCE -D_REENTRANT conftest.c >&5
configure:5849: $? = 0
configure:5852: test -s conftest.o
configure:5855: $? = 0
configure:5947: cc -o conftest -O2  -D_GNU_SOURCE -D_REENTRANT -L/home/test/opt/lib64  conftest.c  >&5
configure: In function 'main':
configure:5940: warning: incompatible implicit declaration of built-in function 'exit'
configure:5950: $? = 0
configure:5952: ./conftest
configure:5955: $? = 0
configure:5970: result: yes
configure:5994: checking for sys/types.h
configure:6011: cc -c -O2  -D_GNU_SOURCE -D_REENTRANT conftest.c >&5
configure:6014: $? = 0
configure:6017: test -s conftest.o
configure:6020: $? = 0
configure:6031: result: yes
configure:5994: checking for sys/stat.h
configure:6011: cc -c -O2  -D_GNU_SOURCE -D_REENTRANT conftest.c >&5
configure:6014: $? = 0
configure:6017: test -s conftest.o
configure:6020: $? = 0
configure:6031: result: yes
configure:5994: checking for stdlib.h
configure:6011: cc -c -O2  -D_GNU_SOURCE -D_REENTRANT conftest.c >&5
configure:6014: $? = 0
configure:6017: test -s conftest.o
configure:6020: $? = 0
configure:6031: result: yes
configure:5994: checking for string.h
configure:6011: cc -c -O2  -D_GNU_SOURCE -D_REENTRANT conftest.c >&5
configure:6014: $? = 0
configure:6017: test -s conftest.o
configure:6020: $? = 0
configure:6031: result: yes
configure:5994: checking for memory.h
configure:6011: cc -c -O2  -D_GNU_SOURCE -D_REENTRANT conftest.c >&5
configure:6014: $? = 0
configure:6017: test -s conftest.o
configure:6020: $? = 0
configure:6031: result: yes
configure:5994: checking for strings.h
configure:6011: cc -c -O2  -D_GNU_SOURCE -D_REENTRANT conftest.c >&5
configure:6014: $? = 0
configure:6017: test -s conftest.o
configure:6020: $? = 0
configure:6031: result: yes
configure:5994: checking for inttypes.h
configure:6011: cc -c -O2  -D_GNU_SOURCE -D_REENTRANT conftest.c >&5
configure:6014: $? = 0
configure:6017: test -s conftest.o
configure:6020: $? = 0
configure:6031: result: yes
configure:5994: checking for stdint.h
configure:6011: cc -c -O2  -D_GNU_SOURCE -D_REENTRANT conftest.c >&5
configure:6014: $? = 0
configure:6017: test -s conftest.o
configure:6020: $? = 0
configure:6031: result: yes
configure:5994: checking for unistd.h
configure:6011: cc -c -O2  -D_GNU_SOURCE -D_REENTRANT conftest.c >&5
configure:6014: $? = 0
configure:6017: test -s conftest.o
configure:6020: $? = 0
configure:6031: result: yes
configure:6057: checking dlfcn.h usability
configure:6070: cc -c -O2  -D_GNU_SOURCE -D_REENTRANT conftest.c >&5
configure:6073: $? = 0
configure:6076: test -s conftest.o
configure:6079: $? = 0
configure:6089: result: yes
configure:6093: checking dlfcn.h presence
configure:6104: cc -E  -D_GNU_SOURCE -D_REENTRANT conftest.c
configure:6110: $? = 0
configure:6129: result: yes
configure:6165: checking for dlfcn.h
configure:6172: result: yes
configure:6369: checking for ranlib
configure:6385: found /usr/bin/ranlib
configure:6396: result: ranlib
configure:6449: checking for strip
configure:6465: found /usr/bin/strip
configure:6476: result: strip
configure:6688: checking for objdir
configure:6699: result: .libs
configure:6720: checking for cc option to produce PIC
configure:6870: result: -fPIC
configure:6874: checking if cc PIC flag -fPIC works
configure:6898: cc -c -O2 -fPIC -DPIC  -D_GNU_SOURCE -D_REENTRANT conftest.c >&5
configure:6901: $? = 0
configure:6904: test -s conftest.o
configure:6907: $? = 0
configure:6945: result: yes
configure:6965: checking if cc static flag -static works
configure:6990: cc -o conftest -O2  -D_GNU_SOURCE -D_REENTRANT -L/home/test/opt/lib64  -static conftest.c  >&5
configure:6993: $? = 0
configure:6996: test -s conftest
configure:6999: $? = 0
configure:7015: result: yes
configure:7031: checking if cc supports -c -o file.o
configure:7039: cc -c -O2 -o out/conftest2.o  -D_GNU_SOURCE -D_REENTRANT conftest.c >&5
configure:7075: result: yes
configure:7080: checking if cc supports -c -o file.lo
configure:7108: cc -c -O2 -c -o conftest.lo  -D_GNU_SOURCE -D_REENTRANT conftest.c >&5
configure:7111: $? = 0
configure:7114: test -s conftest.lo
configure:7117: $? = 0
configure:7139: result: yes
configure:7178: checking if cc supports -fno-rtti -fno-exceptions
configure:7201: cc -c -O2 -fno-rtti -fno-exceptions -c conftest.c  -D_GNU_SOURCE -D_REENTRANT conftest.c >&5
cc1: warning: command line option "-fno-rtti" is valid for C++/ObjC++ but not for C
cc1: warning: command line option "-fno-rtti" is valid for C++/ObjC++ but not for C
configure:7204: $? = 0
configure:7207: test -s conftest.o
configure:7210: $? = 0
configure:7227: result: yes
configure:7242: checking whether the linker (/usr/x86_64-suse-linux/bin/ld) supports shared libraries
configure:7969: result: yes
configure:7978: checking how to hardcode library paths into programs
configure:8002: result: immediate
configure:8011: checking whether stripping libraries is possible
configure:8016: result: yes
configure:8031: checking dynamic linker characteristics
configure:8443: result: GNU/Linux ld.so
configure:8452: checking if libtool supports shared libraries
configure:8454: result: yes
configure:8461: checking whether to build shared libraries
configure:8482: result: yes
configure:8489: checking whether to build static libraries
configure:8493: result: yes
configure:9171: checking whether -lc should be explicitly linked in
configure:9179: cc -c -O2  -D_GNU_SOURCE -D_REENTRANT conftest.c >&5
configure:9182: $? = 0
configure:9196: cc -shared conftest.o  -v -Wl,-soname -Wl,conftest -o conftest 2\>\&1 \| grep  -lc  \>/dev/null 2\>\&1
configure:9199: $? = 0
configure:9212: result: no
configure:9793: checking SOSUFFIX from libtool
configure:9815: result: so
configure:9820: checking MODSUFFIX from libtool
configure:9842: result: so
configure:9847: checking JMODSUFFIX from libtool
configure:9869: result: so
configure:10702: checking for an ANSI C-conforming const
configure:10770: cc -c -O2  -D_GNU_SOURCE -D_REENTRANT conftest.c >&5
configure:10773: $? = 0
configure:10776: test -s conftest.o
configure:10779: $? = 0
configure:10790: result: yes
configure:10802: checking whether stat file-mode macros are broken
configure:10851: result: no
configure:10861: checking whether time.h and sys/time.h may both be included
configure:10887: cc -c -O2  -D_GNU_SOURCE -D_REENTRANT conftest.c >&5
configure:10890: $? = 0
configure:10893: test -s conftest.o
configure:10896: $? = 0
configure:10907: result: yes
configure:10925: checking for dirent.h that defines DIR
configure:10950: cc -c -O2  -D_GNU_SOURCE -D_REENTRANT conftest.c >&5
configure:10953: $? = 0
configure:10956: test -s conftest.o
configure:10959: $? = 0
configure:10970: result: yes
configure:10983: checking for library containing opendir
configure:11014: cc -o conftest -O2  -D_GNU_SOURCE -D_REENTRANT -L/home/test/opt/lib64  conftest.c  >&5
configure:11017: $? = 0
configure:11020: test -s conftest
configure:11023: $? = 0
configure:11082: result: none required
configure:11213: checking sys/select.h usability
configure:11226: cc -c -O2  -D_GNU_SOURCE -D_REENTRANT conftest.c >&5
configure:11229: $? = 0
configure:11232: test -s conftest.o
configure:11235: $? = 0
configure:11245: result: yes
configure:11249: checking sys/select.h presence
configure:11260: cc -E  -D_GNU_SOURCE -D_REENTRANT conftest.c
configure:11266: $? = 0
configure:11285: result: yes
configure:11321: checking for sys/select.h
configure:11328: result: yes
configure:11213: checking sys/time.h usability
configure:11226: cc -c -O2  -D_GNU_SOURCE -D_REENTRANT conftest.c >&5
configure:11229: $? = 0
configure:11232: test -s conftest.o
configure:11235: $? = 0
configure:11245: result: yes
configure:11249: checking sys/time.h presence
configure:11260: cc -E  -D_GNU_SOURCE -D_REENTRANT conftest.c
configure:11266: $? = 0
configure:11285: result: yes
configure:11321: checking for sys/time.h
configure:11328: result: yes
configure:11341: checking for struct stat.st_blksize
configure:11365: cc -c -O2  -D_GNU_SOURCE -D_REENTRANT conftest.c >&5
configure:11368: $? = 0
configure:11371: test -s conftest.o
configure:11374: $? = 0
configure:11422: result: yes
configure:11437: checking for char
configure:11465: cc -c -O2  -D_GNU_SOURCE -D_REENTRANT conftest.c >&5
configure:11468: $? = 0
configure:11471: test -s conftest.o
configure:11474: $? = 0
configure:11485: result: yes
configure:11488: checking size of char
configure:11781: cc -o conftest -O2  -D_GNU_SOURCE -D_REENTRANT -L/home/test/opt/lib64  conftest.c  >&5
configure:11784: $? = 0
configure:11786: ./conftest
configure:11789: $? = 0
configure:11812: result: 1
configure:11819: checking for unsigned char
configure:11847: cc -c -O2  -D_GNU_SOURCE -D_REENTRANT conftest.c >&5
configure:11850: $? = 0
configure:11853: test -s conftest.o
configure:11856: $? = 0
configure:11867: result: yes
configure:11870: checking size of unsigned char
configure:12163: cc -o conftest -O2  -D_GNU_SOURCE -D_REENTRANT -L/home/test/opt/lib64  conftest.c  >&5
configure:12166: $? = 0
configure:12168: ./conftest
configure:12171: $? = 0
configure:12194: result: 1
configure:12201: checking for short
configure:12229: cc -c -O2  -D_GNU_SOURCE -D_REENTRANT conftest.c >&5
configure:12232: $? = 0
configure:12235: test -s conftest.o
configure:12238: $? = 0
configure:12249: result: yes
configure:12252: checking size of short
configure:12545: cc -o conftest -O2  -D_GNU_SOURCE -D_REENTRANT -L/home/test/opt/lib64  conftest.c  >&5
configure:12548: $? = 0
configure:12550: ./conftest
configure:12553: $? = 0
configure:12576: result: 2
configure:12583: checking for unsigned short
configure:12611: cc -c -O2  -D_GNU_SOURCE -D_REENTRANT conftest.c >&5
configure:12614: $? = 0
configure:12617: test -s conftest.o
configure:12620: $? = 0
configure:12631: result: yes
configure:12634: checking size of unsigned short
configure:12927: cc -o conftest -O2  -D_GNU_SOURCE -D_REENTRANT -L/home/test/opt/lib64  conftest.c  >&5
configure:12930: $? = 0
configure:12932: ./conftest
configure:12935: $? = 0
configure:12958: result: 2
configure:12965: checking for int
configure:12993: cc -c -O2  -D_GNU_SOURCE -D_REENTRANT conftest.c >&5
configure:12996: $? = 0
configure:12999: test -s conftest.o
configure:13002: $? = 0
configure:13013: result: yes
configure:13016: checking size of int
configure:13309: cc -o conftest -O2  -D_GNU_SOURCE -D_REENTRANT -L/home/test/opt/lib64  conftest.c  >&5
configure:13312: $? = 0
configure:13314: ./conftest
configure:13317: $? = 0
configure:13340: result: 4
configure:13347: checking for unsigned int
configure:13375: cc -c -O2  -D_GNU_SOURCE -D_REENTRANT conftest.c >&5
configure:13378: $? = 0
configure:13381: test -s conftest.o
configure:13384: $? = 0
configure:13395: result: yes
configure:13398: checking size of unsigned int
configure:13691: cc -o conftest -O2  -D_GNU_SOURCE -D_REENTRANT -L/home/test/opt/lib64  conftest.c  >&5
configure:13694: $? = 0
configure:13696: ./conftest
configure:13699: $? = 0
configure:13722: result: 4
configure:13729: checking for long
configure:13757: cc -c -O2  -D_GNU_SOURCE -D_REENTRANT conftest.c >&5
configure:13760: $? = 0
configure:13763: test -s conftest.o
configure:13766: $? = 0
configure:13777: result: yes
configure:13780: checking size of long
configure:14073: cc -o conftest -O2  -D_GNU_SOURCE -D_REENTRANT -L/home/test/opt/lib64  conftest.c  >&5
configure:14076: $? = 0
configure:14078: ./conftest
configure:14081: $? = 0
configure:14104: result: 8
configure:14111: checking for unsigned long
configure:14139: cc -c -O2  -D_GNU_SOURCE -D_REENTRANT conftest.c >&5
configure:14142: $? = 0
configure:14145: test -s conftest.o
configure:14148: $? = 0
configure:14159: result: yes
configure:14162: checking size of unsigned long
configure:14455: cc -o conftest -O2  -D_GNU_SOURCE -D_REENTRANT -L/home/test/opt/lib64  conftest.c  >&5
configure:14458: $? = 0
configure:14460: ./conftest
configure:14463: $? = 0
configure:14486: result: 8
configure:14493: checking for size_t
configure:14521: cc -c -O2  -D_GNU_SOURCE -D_REENTRANT conftest.c >&5
configure:14524: $? = 0
configure:14527: test -s conftest.o
configure:14530: $? = 0
configure:14541: result: yes
configure:14544: checking size of size_t
configure:14837: cc -o conftest -O2  -D_GNU_SOURCE -D_REENTRANT -L/home/test/opt/lib64  conftest.c  >&5
configure:14840: $? = 0
configure:14842: ./conftest
configure:14845: $? = 0
configure:14868: result: 8
configure:14875: checking for char *
configure:14903: cc -c -O2  -D_GNU_SOURCE -D_REENTRANT conftest.c >&5
configure:14906: $? = 0
configure:14909: test -s conftest.o
configure:14912: $? = 0
configure:14923: result: yes
configure:14926: checking size of char *
configure:15219: cc -o conftest -O2  -D_GNU_SOURCE -D_REENTRANT -L/home/test/opt/lib64  conftest.c  >&5
configure:15222: $? = 0
configure:15224: ./conftest
configure:15227: $? = 0
configure:15250: result: 8
configure:15260: checking for off_t
configure:15288: cc -c -O2  -D_GNU_SOURCE -D_REENTRANT conftest.c >&5
configure:15291: $? = 0
configure:15294: test -s conftest.o
configure:15297: $? = 0
configure:15308: result: yes
configure:15317: checking for size_t
configure:15365: result: yes
configure:15377: checking for u_char
configure:15405: cc -c -O2  -D_GNU_SOURCE -D_REENTRANT conftest.c >&5
configure:15408: $? = 0
configure:15411: test -s conftest.o
configure:15414: $? = 0
configure:15425: result: yes
configure:15433: checking for u_short
configure:15461: cc -c -O2  -D_GNU_SOURCE -D_REENTRANT conftest.c >&5
configure:15464: $? = 0
configure:15467: test -s conftest.o
configure:15470: $? = 0
configure:15481: result: yes
configure:15489: checking for u_int
configure:15517: cc -c -O2  -D_GNU_SOURCE -D_REENTRANT conftest.c >&5
configure:15520: $? = 0
configure:15523: test -s conftest.o
configure:15526: $? = 0
configure:15537: result: yes
configure:15545: checking for u_long
configure:15573: cc -c -O2  -D_GNU_SOURCE -D_REENTRANT conftest.c >&5
configure:15576: $? = 0
configure:15579: test -s conftest.o
configure:15582: $? = 0
configure:15593: result: yes
configure:15601: checking for u_int8_t
configure:15629: cc -c -O2  -D_GNU_SOURCE -D_REENTRANT conftest.c >&5
configure:15632: $? = 0
configure:15635: test -s conftest.o
configure:15638: $? = 0
configure:15649: result: yes
configure:15671: checking for u_int16_t
configure:15699: cc -c -O2  -D_GNU_SOURCE -D_REENTRANT conftest.c >&5
configure:15702: $? = 0
configure:15705: test -s conftest.o
configure:15708: $? = 0
configure:15719: result: yes
configure:15741: checking for int16_t
configure:15769: cc -c -O2  -D_GNU_SOURCE -D_REENTRANT conftest.c >&5
configure:15772: $? = 0
configure:15775: test -s conftest.o
configure:15778: $? = 0
configure:15789: result: yes
configure:15811: checking for u_int32_t
configure:15839: cc -c -O2  -D_GNU_SOURCE -D_REENTRANT conftest.c >&5
configure:15842: $? = 0
configure:15845: test -s conftest.o
configure:15848: $? = 0
configure:15859: result: yes
configure:15881: checking for int32_t
configure:15909: cc -c -O2  -D_GNU_SOURCE -D_REENTRANT conftest.c >&5
configure:15912: $? = 0
configure:15915: test -s conftest.o
configure:15918: $? = 0
configure:15929: result: yes
configure:15953: checking for ssize_t
configure:15981: cc -c -O2  -D_GNU_SOURCE -D_REENTRANT conftest.c >&5
configure:15984: $? = 0
configure:15987: test -s conftest.o
configure:15990: $? = 0
configure:16001: result: yes
configure:16024: checking for unsigned long long
configure:16052: cc -c -O2  -D_GNU_SOURCE -D_REENTRANT conftest.c >&5
configure:16055: $? = 0
configure:16058: test -s conftest.o
configure:16061: $? = 0
configure:16072: result: yes
configure:16101: checking for ANSI C exit success/failure values
configure:16124: cc -c -O2  -D_GNU_SOURCE -D_REENTRANT conftest.c >&5
configure:16127: $? = 0
configure:16130: test -s conftest.o
configure:16133: $? = 0
configure:16144: result: yes
configure:16158: checking for sched_yield
configure:16208: cc -o conftest -O2  -D_GNU_SOURCE -D_REENTRANT -L/home/test/opt/lib64  conftest.c  >&5
configure:16211: $? = 0
configure:16214: test -s conftest
configure:16217: $? = 0
configure:16228: result: yes
configure:16349: checking for main in -lpthread
configure:16374: cc -o conftest -O2  -D_GNU_SOURCE -D_REENTRANT -L/home/test/opt/lib64  conftest.c -lpthread   >&5
configure:16377: $? = 0
configure:16380: test -s conftest
configure:16383: $? = 0
configure:16395: result: yes
configure:16406: checking for main in -lm
configure:16431: cc -o conftest -O2  -D_GNU_SOURCE -D_REENTRANT -L/home/test/opt/lib64  conftest.c -lm   >&5
configure:16434: $? = 0
configure:16437: test -s conftest
configure:16440: $? = 0
configure:16452: result: yes
configure:16459: checking for main in -lsocket
configure:16484: cc -o conftest -O2  -D_GNU_SOURCE -D_REENTRANT -L/home/test/opt/lib64  conftest.c -lsocket   >&5
/usr/lib64/gcc/x86_64-suse-linux/4.3/../../../../x86_64-suse-linux/bin/ld: cannot find -lsocket
collect2: ld returned 1 exit status
configure:16487: $? = 1
configure: failed program was:
| #line 16466 "configure"
| /* confdefs.h.  */
| 
| #define PACKAGE_NAME "Berkeley DB"
| #define PACKAGE_TARNAME "db-4.1.25"
| #define PACKAGE_VERSION "4.1.25"
| #define PACKAGE_STRING "Berkeley DB 4.1.25"
| #define PACKAGE_BUGREPORT "support@sleepycat.com"
| #define STDC_HEADERS 1
| #define HAVE_SYS_TYPES_H 1
| #define HAVE_SYS_STAT_H 1
| #define HAVE_STDLIB_H 1
| #define HAVE_STRING_H 1
| #define HAVE_MEMORY_H 1
| #define HAVE_STRINGS_H 1
| #define HAVE_INTTYPES_H 1
| #define HAVE_STDINT_H 1
| #define HAVE_UNISTD_H 1
| #define HAVE_DLFCN_H 1
| #define TIME_WITH_SYS_TIME 1
| #define HAVE_DIRENT_H 1
| #define HAVE_SYS_SELECT_H 1
| #define HAVE_SYS_TIME_H 1
| #define HAVE_STRUCT_STAT_ST_BLKSIZE 1
| #define SIZEOF_CHAR 1
| #define SIZEOF_UNSIGNED_CHAR 1
| #define SIZEOF_SHORT 2
| #define SIZEOF_UNSIGNED_SHORT 2
| #define SIZEOF_INT 4
| #define SIZEOF_UNSIGNED_INT 4
| #define SIZEOF_LONG 8
| #define SIZEOF_UNSIGNED_LONG 8
| #define SIZEOF_SIZE_T 8
| #define SIZEOF_CHAR_P 8
| #define HAVE_EXIT_SUCCESS 1
| /* end confdefs.h.  */
| 
| 
| int
| main ()
| {
| main ();
|   ;
|   return 0;
| }
configure:16505: result: no
configure:16512: checking for main in -lnsl
configure:16537: cc -o conftest -O2  -D_GNU_SOURCE -D_REENTRANT -L/home/test/opt/lib64  conftest.c -lnsl   >&5
configure:16540: $? = 0
configure:16543: test -s conftest
configure:16546: $? = 0
configure:16558: result: yes
configure:16579: checking for mutexes
configure:16656: cc -o conftest -O2  -D_GNU_SOURCE -D_REENTRANT -L/home/test/opt/lib64  conftest.c  >&5
configure:16666:19: error: synch.h: No such file or directory
configure: In function 'main':
configure:16671: error: expected '=', ',', ';', 'asm' or '__attribute__' before 'mi'
configure:16671: error: 'mi' undeclared (first use in this function)
configure:16671: error: (Each undeclared identifier is reported only once
configure:16671: error: for each function it appears in.)
configure:16671: error: 'SHAREDMUTEX' undeclared (first use in this function)
configure:16672: error: expected '=', ',', ';', 'asm' or '__attribute__' before 'ci'
configure:16672: error: 'ci' undeclared (first use in this function)
configure:16672: error: 'SHAREDCV' undeclared (first use in this function)
configure:16673: error: 'lwp_mutex_t' undeclared (first use in this function)
configure:16673: error: expected ';' before 'mutex'
configure:16674: error: 'lwp_cond_t' undeclared (first use in this function)
configure:16674: error: expected ';' before 'cond'
configure:16675: warning: incompatible implicit declaration of built-in function 'exit'
configure:16676: error: 'mutex' undeclared (first use in this function)
configure:16659: $? = 1
configure: failed program was:
| #line 16630 "configure"
| /* confdefs.h.  */
| 
| #define PACKAGE_NAME "Berkeley DB"
| #define PACKAGE_TARNAME "db-4.1.25"
| #define PACKAGE_VERSION "4.1.25"
| #define PACKAGE_STRING "Berkeley DB 4.1.25"
| #define PACKAGE_BUGREPORT "support@sleepycat.com"
| #define STDC_HEADERS 1
| #define HAVE_SYS_TYPES_H 1
| #define HAVE_SYS_STAT_H 1
| #define HAVE_STDLIB_H 1
| #define HAVE_STRING_H 1
| #define HAVE_MEMORY_H 1
| #define HAVE_STRINGS_H 1
| #define HAVE_INTTYPES_H 1
| #define HAVE_STDINT_H 1
| #define HAVE_UNISTD_H 1
| #define HAVE_DLFCN_H 1
| #define TIME_WITH_SYS_TIME 1
| #define HAVE_DIRENT_H 1
| #define HAVE_SYS_SELECT_H 1
| #define HAVE_SYS_TIME_H 1
| #define HAVE_STRUCT_STAT_ST_BLKSIZE 1
| #define SIZEOF_CHAR 1
| #define SIZEOF_UNSIGNED_CHAR 1
| #define SIZEOF_SHORT 2
| #define SIZEOF_UNSIGNED_SHORT 2
| #define SIZEOF_INT 4
| #define SIZEOF_UNSIGNED_INT 4
| #define SIZEOF_LONG 8
| #define SIZEOF_UNSIGNED_LONG 8
| #define SIZEOF_SIZE_T 8
| #define SIZEOF_CHAR_P 8
| #define HAVE_EXIT_SUCCESS 1
| /* end confdefs.h.  */
| 
| #include <synch.h>
| int
| main ()
| {
| 
| 	static lwp_mutex_t mi = SHAREDMUTEX;
| 	static lwp_cond_t ci = SHAREDCV;
| 	lwp_mutex_t mutex = mi;
| 	lwp_cond_t cond = ci;
| 	exit (
| 	_lwp_mutex_lock(&mutex) ||
| 	_lwp_mutex_unlock(&mutex));
| 
|   ;
|   return 0;
| }
configure:16708: cc -o conftest -O2  -D_GNU_SOURCE -D_REENTRANT -L/home/test/opt/lib64  conftest.c  >&5
configure:16716:20: error: thread.h: No such file or directory
configure:16717:19: error: synch.h: No such file or directory
configure: In function 'main':
configure:16722: error: 'mutex_t' undeclared (first use in this function)
configure:16722: error: (Each undeclared identifier is reported only once
configure:16722: error: for each function it appears in.)
configure:16722: error: expected ';' before 'mutex'
configure:16723: error: 'cond_t' undeclared (first use in this function)
configure:16723: error: expected ';' before 'cond'
configure:16724: error: 'USYNC_PROCESS' undeclared (first use in this function)
configure:16725: warning: incompatible implicit declaration of built-in function 'exit'
configure:16726: error: 'mutex' undeclared (first use in this function)
configure:16726: error: 'NULL' undeclared (first use in this function)
configure:16727: error: 'cond' undeclared (first use in this function)
configure:16711: $? = 1
configure: failed program was:
| #line 16680 "configure"
| /* confdefs.h.  */
| 
| #define PACKAGE_NAME "Berkeley DB"
| #define PACKAGE_TARNAME "db-4.1.25"
| #define PACKAGE_VERSION "4.1.25"
| #define PACKAGE_STRING "Berkeley DB 4.1.25"
| #define PACKAGE_BUGREPORT "support@sleepycat.com"
| #define STDC_HEADERS 1
| #define HAVE_SYS_TYPES_H 1
| #define HAVE_SYS_STAT_H 1
| #define HAVE_STDLIB_H 1
| #define HAVE_STRING_H 1
| #define HAVE_MEMORY_H 1
| #define HAVE_STRINGS_H 1
| #define HAVE_INTTYPES_H 1
| #define HAVE_STDINT_H 1
| #define HAVE_UNISTD_H 1
| #define HAVE_DLFCN_H 1
| #define TIME_WITH_SYS_TIME 1
| #define HAVE_DIRENT_H 1
| #define HAVE_SYS_SELECT_H 1
| #define HAVE_SYS_TIME_H 1
| #define HAVE_STRUCT_STAT_ST_BLKSIZE 1
| #define SIZEOF_CHAR 1
| #define SIZEOF_UNSIGNED_CHAR 1
| #define SIZEOF_SHORT 2
| #define SIZEOF_UNSIGNED_SHORT 2
| #define SIZEOF_INT 4
| #define SIZEOF_UNSIGNED_INT 4
| #define SIZEOF_LONG 8
| #define SIZEOF_UNSIGNED_LONG 8
| #define SIZEOF_SIZE_T 8
| #define SIZEOF_CHAR_P 8
| #define HAVE_EXIT_SUCCESS 1
| /* end confdefs.h.  */
| 
| #include <thread.h>
| #include <synch.h>
| int
| main ()
| {
| 
| 	mutex_t mutex;
| 	cond_t cond;
| 	int type = USYNC_PROCESS;
| 	exit (
| 	mutex_init(&mutex, type, NULL) ||
| 	cond_init(&cond, type, NULL) ||
| 	mutex_lock(&mutex) ||
| 	mutex_unlock(&mutex));
| 
|   ;
|   return 0;
| }
configure:16758: cc -o conftest -O2  -D_GNU_SOURCE -D_REENTRANT -L/home/test/opt/lib64  conftest.c  -lthread >&5
configure:16766:20: error: thread.h: No such file or directory
configure:16767:19: error: synch.h: No such file or directory
configure: In function 'main':
configure:16772: error: 'mutex_t' undeclared (first use in this function)
configure:16772: error: (Each undeclared identifier is reported only once
configure:16772: error: for each function it appears in.)
configure:16772: error: expected ';' before 'mutex'
configure:16773: error: 'cond_t' undeclared (first use in this function)
configure:16773: error: expected ';' before 'cond'
configure:16774: error: 'USYNC_PROCESS' undeclared (first use in this function)
configure:16775: warning: incompatible implicit declaration of built-in function 'exit'
configure:16776: error: 'mutex' undeclared (first use in this function)
configure:16776: error: 'NULL' undeclared (first use in this function)
configure:16777: error: 'cond' undeclared (first use in this function)
configure:16761: $? = 1
configure: failed program was:
| #line 16730 "configure"
| /* confdefs.h.  */
| 
| #define PACKAGE_NAME "Berkeley DB"
| #define PACKAGE_TARNAME "db-4.1.25"
| #define PACKAGE_VERSION "4.1.25"
| #define PACKAGE_STRING "Berkeley DB 4.1.25"
| #define PACKAGE_BUGREPORT "support@sleepycat.com"
| #define STDC_HEADERS 1
| #define HAVE_SYS_TYPES_H 1
| #define HAVE_SYS_STAT_H 1
| #define HAVE_STDLIB_H 1
| #define HAVE_STRING_H 1
| #define HAVE_MEMORY_H 1
| #define HAVE_STRINGS_H 1
| #define HAVE_INTTYPES_H 1
| #define HAVE_STDINT_H 1
| #define HAVE_UNISTD_H 1
| #define HAVE_DLFCN_H 1
| #define TIME_WITH_SYS_TIME 1
| #define HAVE_DIRENT_H 1
| #define HAVE_SYS_SELECT_H 1
| #define HAVE_SYS_TIME_H 1
| #define HAVE_STRUCT_STAT_ST_BLKSIZE 1
| #define SIZEOF_CHAR 1
| #define SIZEOF_UNSIGNED_CHAR 1
| #define SIZEOF_SHORT 2
| #define SIZEOF_UNSIGNED_SHORT 2
| #define SIZEOF_INT 4
| #define SIZEOF_UNSIGNED_INT 4
| #define SIZEOF_LONG 8
| #define SIZEOF_UNSIGNED_LONG 8
| #define SIZEOF_SIZE_T 8
| #define SIZEOF_CHAR_P 8
| #define HAVE_EXIT_SUCCESS 1
| /* end confdefs.h.  */
| 
| #include <thread.h>
| #include <synch.h>
| int
| main ()
| {
| 
| 	mutex_t mutex;
| 	cond_t cond;
| 	int type = USYNC_PROCESS;
| 	exit (
| 	mutex_init(&mutex, type, NULL) ||
| 	cond_init(&cond, type, NULL) ||
| 	mutex_lock(&mutex) ||
| 	mutex_unlock(&mutex));
| 
|   ;
|   return 0;
| }
configure:17156: cc -o conftest -O2  -D_GNU_SOURCE -D_REENTRANT -L/home/test/opt/lib64  conftest.c  >&5
configure: In function 'main':
configure:17176: error: 'FAIL' undeclared (first use in this function)
configure:17176: error: (Each undeclared identifier is reported only once
configure:17176: error: for each function it appears in.)
configure:17176: error: expected ';' before 'TO'
configure:17159: $? = 1
configure: failed program was:
| #line 17127 "configure"
| /* confdefs.h.  */
| 
| #define PACKAGE_NAME "Berkeley DB"
| #define PACKAGE_TARNAME "db-4.1.25"
| #define PACKAGE_VERSION "4.1.25"
| #define PACKAGE_STRING "Berkeley DB 4.1.25"
| #define PACKAGE_BUGREPORT "support@sleepycat.com"
| #define STDC_HEADERS 1
| #define HAVE_SYS_TYPES_H 1
| #define HAVE_SYS_STAT_H 1
| #define HAVE_STDLIB_H 1
| #define HAVE_STRING_H 1
| #define HAVE_MEMORY_H 1
| #define HAVE_STRINGS_H 1
| #define HAVE_INTTYPES_H 1
| #define HAVE_STDINT_H 1
| #define HAVE_UNISTD_H 1
| #define HAVE_DLFCN_H 1
| #define TIME_WITH_SYS_TIME 1
| #define HAVE_DIRENT_H 1
| #define HAVE_SYS_SELECT_H 1
| #define HAVE_SYS_TIME_H 1
| #define HAVE_STRUCT_STAT_ST_BLKSIZE 1
| #define SIZEOF_CHAR 1
| #define SIZEOF_UNSIGNED_CHAR 1
| #define SIZEOF_SHORT 2
| #define SIZEOF_UNSIGNED_SHORT 2
| #define SIZEOF_INT 4
| #define SIZEOF_UNSIGNED_INT 4
| #define SIZEOF_LONG 8
| #define SIZEOF_UNSIGNED_LONG 8
| #define SIZEOF_SIZE_T 8
| #define SIZEOF_CHAR_P 8
| #define HAVE_EXIT_SUCCESS 1
| /* end confdefs.h.  */
| 
| #include <sys/mman.h>
| int
| main ()
| {
| 
| #if defined(__hppa__)
| 	typedef msemaphore tsl_t;
| 	msemaphore x;
| 	msem_init(&x, 0);
| 	msem_lock(&x, 0);
| 	msem_unlock(&x, 0);
| 	exit(0);
| #else
| 	FAIL TO COMPILE/LINK
| #endif
| 
|   ;
|   return 0;
| }
configure:17204: cc -o conftest -O2  -D_GNU_SOURCE -D_REENTRANT -L/home/test/opt/lib64  conftest.c  >&5
configure: In function 'main':
configure:17220: error: expected '=', ',', ';', 'asm' or '__attribute__' before 'tsl_t'
configure:17220: error: 'tsl_t' undeclared (first use in this function)
configure:17220: error: (Each undeclared identifier is reported only once
configure:17220: error: for each function it appears in.)
configure:17221: error: 'msemaphore' undeclared (first use in this function)
configure:17221: error: expected ';' before 'x'
configure:17222: error: 'x' undeclared (first use in this function)
configure:17225: warning: incompatible implicit declaration of built-in function 'exit'
configure:17207: $? = 1
configure: failed program was:
| #line 17178 "configure"
| /* confdefs.h.  */
| 
| #define PACKAGE_NAME "Berkeley DB"
| #define PACKAGE_TARNAME "db-4.1.25"
| #define PACKAGE_VERSION "4.1.25"
| #define PACKAGE_STRING "Berkeley DB 4.1.25"
| #define PACKAGE_BUGREPORT "support@sleepycat.com"
| #define STDC_HEADERS 1
| #define HAVE_SYS_TYPES_H 1
| #define HAVE_SYS_STAT_H 1
| #define HAVE_STDLIB_H 1
| #define HAVE_STRING_H 1
| #define HAVE_MEMORY_H 1
| #define HAVE_STRINGS_H 1
| #define HAVE_INTTYPES_H 1
| #define HAVE_STDINT_H 1
| #define HAVE_UNISTD_H 1
| #define HAVE_DLFCN_H 1
| #define TIME_WITH_SYS_TIME 1
| #define HAVE_DIRENT_H 1
| #define HAVE_SYS_SELECT_H 1
| #define HAVE_SYS_TIME_H 1
| #define HAVE_STRUCT_STAT_ST_BLKSIZE 1
| #define SIZEOF_CHAR 1
| #define SIZEOF_UNSIGNED_CHAR 1
| #define SIZEOF_SHORT 2
| #define SIZEOF_UNSIGNED_SHORT 2
| #define SIZEOF_INT 4
| #define SIZEOF_UNSIGNED_INT 4
| #define SIZEOF_LONG 8
| #define SIZEOF_UNSIGNED_LONG 8
| #define SIZEOF_SIZE_T 8
| #define SIZEOF_CHAR_P 8
| #define HAVE_EXIT_SUCCESS 1
| /* end confdefs.h.  */
| 
| #include <sys/types.h>
| #include <sys/mman.h>
| int
| main ()
| {
| 
| 	typedef msemaphore tsl_t;
| 	msemaphore x;
| 	msem_init(&x, 0);
| 	msem_lock(&x, 0);
| 	msem_unlock(&x, 0);
| 	exit(0);
| 
|   ;
|   return 0;
| }
configure:17251: cc -o conftest -O2  -D_GNU_SOURCE -D_REENTRANT -L/home/test/opt/lib64  conftest.c  -lmproc >&5
configure:17263:20: error: ulocks.h: No such file or directory
configure: In function 'main':
configure:17268: error: expected '=', ',', ';', 'asm' or '__attribute__' before 'tsl_t'
configure:17268: error: 'tsl_t' undeclared (first use in this function)
configure:17268: error: (Each undeclared identifier is reported only once
configure:17268: error: for each function it appears in.)
configure:17269: error: 'spinlock_t' undeclared (first use in this function)
configure:17269: error: expected ';' before 'x'
configure:17270: error: 'x' undeclared (first use in this function)
configure:17254: $? = 1
configure: failed program was:
| #line 17227 "configure"
| /* confdefs.h.  */
| 
| #define PACKAGE_NAME "Berkeley DB"
| #define PACKAGE_TARNAME "db-4.1.25"
| #define PACKAGE_VERSION "4.1.25"
| #define PACKAGE_STRING "Berkeley DB 4.1.25"
| #define PACKAGE_BUGREPORT "support@sleepycat.com"
| #define STDC_HEADERS 1
| #define HAVE_SYS_TYPES_H 1
| #define HAVE_SYS_STAT_H 1
| #define HAVE_STDLIB_H 1
| #define HAVE_STRING_H 1
| #define HAVE_MEMORY_H 1
| #define HAVE_STRINGS_H 1
| #define HAVE_INTTYPES_H 1
| #define HAVE_STDINT_H 1
| #define HAVE_UNISTD_H 1
| #define HAVE_DLFCN_H 1
| #define TIME_WITH_SYS_TIME 1
| #define HAVE_DIRENT_H 1
| #define HAVE_SYS_SELECT_H 1
| #define HAVE_SYS_TIME_H 1
| #define HAVE_STRUCT_STAT_ST_BLKSIZE 1
| #define SIZEOF_CHAR 1
| #define SIZEOF_UNSIGNED_CHAR 1
| #define SIZEOF_SHORT 2
| #define SIZEOF_UNSIGNED_SHORT 2
| #define SIZEOF_INT 4
| #define SIZEOF_UNSIGNED_INT 4
| #define SIZEOF_LONG 8
| #define SIZEOF_UNSIGNED_LONG 8
| #define SIZEOF_SIZE_T 8
| #define SIZEOF_CHAR_P 8
| #define HAVE_EXIT_SUCCESS 1
| /* end confdefs.h.  */
| 
| #include <ulocks.h>
| int
| main ()
| {
| 
| 	typedef spinlock_t tsl_t;
| 	spinlock_t x;
| 	initspin(&x, 1);
| 	cspinlock(&x);
| 	spinunlock(&x);
| 
|   ;
|   return 0;
| }
configure:17297: cc -c -O2  -D_GNU_SOURCE -D_REENTRANT conftest.c >&5
configure: In function 'main':
configure:17317: error: 'FAIL' undeclared (first use in this function)
configure:17317: error: (Each undeclared identifier is reported only once
configure:17317: error: for each function it appears in.)
configure:17317: error: expected ';' before 'TO'
configure:17300: $? = 1
configure: failed program was:
| #line 17274 "configure"
| /* confdefs.h.  */
| 
| #define PACKAGE_NAME "Berkeley DB"
| #define PACKAGE_TARNAME "db-4.1.25"
| #define PACKAGE_VERSION "4.1.25"
| #define PACKAGE_STRING "Berkeley DB 4.1.25"
| #define PACKAGE_BUGREPORT "support@sleepycat.com"
| #define STDC_HEADERS 1
| #define HAVE_SYS_TYPES_H 1
| #define HAVE_SYS_STAT_H 1
| #define HAVE_STDLIB_H 1
| #define HAVE_STRING_H 1
| #define HAVE_MEMORY_H 1
| #define HAVE_STRINGS_H 1
| #define HAVE_INTTYPES_H 1
| #define HAVE_STDINT_H 1
| #define HAVE_UNISTD_H 1
| #define HAVE_DLFCN_H 1
| #define TIME_WITH_SYS_TIME 1
| #define HAVE_DIRENT_H 1
| #define HAVE_SYS_SELECT_H 1
| #define HAVE_SYS_TIME_H 1
| #define HAVE_STRUCT_STAT_ST_BLKSIZE 1
| #define SIZEOF_CHAR 1
| #define SIZEOF_UNSIGNED_CHAR 1
| #define SIZEOF_SHORT 2
| #define SIZEOF_UNSIGNED_SHORT 2
| #define SIZEOF_INT 4
| #define SIZEOF_UNSIGNED_INT 4
| #define SIZEOF_LONG 8
| #define SIZEOF_UNSIGNED_LONG 8
| #define SIZEOF_SIZE_T 8
| #define SIZEOF_CHAR_P 8
| #define HAVE_EXIT_SUCCESS 1
| /* end confdefs.h.  */
| 
| int
| main ()
| {
| 
| #if defined(__USLC__)
| 	exit(0);
| #else
| 	FAIL TO COMPILE/LINK
| #endif
| 
|   ;
|   return 0;
| }
configure:17343: cc -o conftest -O2  -D_GNU_SOURCE -D_REENTRANT -L/home/test/opt/lib64  conftest.c  >&5
configure:17355:23: error: abi_mutex.h: No such file or directory
configure: In function 'main':
configure:17360: error: expected '=', ',', ';', 'asm' or '__attribute__' before 'tsl_t'
configure:17360: error: 'tsl_t' undeclared (first use in this function)
configure:17360: error: (Each undeclared identifier is reported only once
configure:17360: error: for each function it appears in.)
configure:17361: error: 'abilock_t' undeclared (first use in this function)
configure:17361: error: expected ';' before 'x'
configure:17362: error: 'x' undeclared (first use in this function)
configure:17346: $? = 1
configure: failed program was:
| #line 17319 "configure"
| /* confdefs.h.  */
| 
| #define PACKAGE_NAME "Berkeley DB"
| #define PACKAGE_TARNAME "db-4.1.25"
| #define PACKAGE_VERSION "4.1.25"
| #define PACKAGE_STRING "Berkeley DB 4.1.25"
| #define PACKAGE_BUGREPORT "support@sleepycat.com"
| #define STDC_HEADERS 1
| #define HAVE_SYS_TYPES_H 1
| #define HAVE_SYS_STAT_H 1
| #define HAVE_STDLIB_H 1
| #define HAVE_STRING_H 1
| #define HAVE_MEMORY_H 1
| #define HAVE_STRINGS_H 1
| #define HAVE_INTTYPES_H 1
| #define HAVE_STDINT_H 1
| #define HAVE_UNISTD_H 1
| #define HAVE_DLFCN_H 1
| #define TIME_WITH_SYS_TIME 1
| #define HAVE_DIRENT_H 1
| #define HAVE_SYS_SELECT_H 1
| #define HAVE_SYS_TIME_H 1
| #define HAVE_STRUCT_STAT_ST_BLKSIZE 1
| #define SIZEOF_CHAR 1
| #define SIZEOF_UNSIGNED_CHAR 1
| #define SIZEOF_SHORT 2
| #define SIZEOF_UNSIGNED_SHORT 2
| #define SIZEOF_INT 4
| #define SIZEOF_UNSIGNED_INT 4
| #define SIZEOF_LONG 8
| #define SIZEOF_UNSIGNED_LONG 8
| #define SIZEOF_SIZE_T 8
| #define SIZEOF_CHAR_P 8
| #define HAVE_EXIT_SUCCESS 1
| /* end confdefs.h.  */
| 
| #include <abi_mutex.h>
| int
| main ()
| {
| 
| 	typedef abilock_t tsl_t;
| 	abilock_t x;
| 	init_lock(&x);
| 	acquire_lock(&x);
| 	release_lock(&x);
| 
|   ;
|   return 0;
| }
configure:17441: cc -o conftest -O2  -D_GNU_SOURCE -D_REENTRANT -L/home/test/opt/lib64  conftest.c  >&5
configure:17454:26: error: sys/machlock.h: No such file or directory
configure: In function 'main':
configure:17459: error: expected '=', ',', ';', 'asm' or '__attribute__' before 'tsl_t'
configure:17459: error: 'tsl_t' undeclared (first use in this function)
configure:17459: error: (Each undeclared identifier is reported only once
configure:17459: error: for each function it appears in.)
configure:17460: error: 'lock_t' undeclared (first use in this function)
configure:17460: error: expected ';' before 'x'
configure:17461: error: 'x' undeclared (first use in this function)
configure:17444: $? = 1
configure: failed program was:
| #line 17418 "configure"
| /* confdefs.h.  */
| 
| #define PACKAGE_NAME "Berkeley DB"
| #define PACKAGE_TARNAME "db-4.1.25"
| #define PACKAGE_VERSION "4.1.25"
| #define PACKAGE_STRING "Berkeley DB 4.1.25"
| #define PACKAGE_BUGREPORT "support@sleepycat.com"
| #define STDC_HEADERS 1
| #define HAVE_SYS_TYPES_H 1
| #define HAVE_SYS_STAT_H 1
| #define HAVE_STDLIB_H 1
| #define HAVE_STRING_H 1
| #define HAVE_MEMORY_H 1
| #define HAVE_STRINGS_H 1
| #define HAVE_INTTYPES_H 1
| #define HAVE_STDINT_H 1
| #define HAVE_UNISTD_H 1
| #define HAVE_DLFCN_H 1
| #define TIME_WITH_SYS_TIME 1
| #define HAVE_DIRENT_H 1
| #define HAVE_SYS_SELECT_H 1
| #define HAVE_SYS_TIME_H 1
| #define HAVE_STRUCT_STAT_ST_BLKSIZE 1
| #define SIZEOF_CHAR 1
| #define SIZEOF_UNSIGNED_CHAR 1
| #define SIZEOF_SHORT 2
| #define SIZEOF_UNSIGNED_SHORT 2
| #define SIZEOF_INT 4
| #define SIZEOF_UNSIGNED_INT 4
| #define SIZEOF_LONG 8
| #define SIZEOF_UNSIGNED_LONG 8
| #define SIZEOF_SIZE_T 8
| #define SIZEOF_CHAR_P 8
| #define HAVE_EXIT_SUCCESS 1
| /* end confdefs.h.  */
| 
| #include <sys/machlock.h>
| int
| main ()
| {
| 
| 	typedef lock_t tsl_t;
| 	lock_t x;
| 	_lock_try(&x);
| 	_lock_clear(&x);
| 
|   ;
|   return 0;
| }
configure:17485: cc -o conftest -O2  -D_GNU_SOURCE -D_REENTRANT -L/home/test/opt/lib64  conftest.c  >&5
configure:17499:27: error: sys/atomic_op.h: No such file or directory
configure:17488: $? = 1
configure: failed program was:
| #line 17463 "configure"
| /* confdefs.h.  */
| 
| #define PACKAGE_NAME "Berkeley DB"
| #define PACKAGE_TARNAME "db-4.1.25"
| #define PACKAGE_VERSION "4.1.25"
| #define PACKAGE_STRING "Berkeley DB 4.1.25"
| #define PACKAGE_BUGREPORT "support@sleepycat.com"
| #define STDC_HEADERS 1
| #define HAVE_SYS_TYPES_H 1
| #define HAVE_SYS_STAT_H 1
| #define HAVE_STDLIB_H 1
| #define HAVE_STRING_H 1
| #define HAVE_MEMORY_H 1
| #define HAVE_STRINGS_H 1
| #define HAVE_INTTYPES_H 1
| #define HAVE_STDINT_H 1
| #define HAVE_UNISTD_H 1
| #define HAVE_DLFCN_H 1
| #define TIME_WITH_SYS_TIME 1
| #define HAVE_DIRENT_H 1
| #define HAVE_SYS_SELECT_H 1
| #define HAVE_SYS_TIME_H 1
| #define HAVE_STRUCT_STAT_ST_BLKSIZE 1
| #define SIZEOF_CHAR 1
| #define SIZEOF_UNSIGNED_CHAR 1
| #define SIZEOF_SHORT 2
| #define SIZEOF_UNSIGNED_SHORT 2
| #define SIZEOF_INT 4
| #define SIZEOF_UNSIGNED_INT 4
| #define SIZEOF_LONG 8
| #define SIZEOF_UNSIGNED_LONG 8
| #define SIZEOF_SIZE_T 8
| #define SIZEOF_CHAR_P 8
| #define HAVE_EXIT_SUCCESS 1
| /* end confdefs.h.  */
| 
| #include <sys/atomic_op.h>
| int
| main ()
| {
| 
| 	int x;
| 	_check_lock(&x,0,1);
| 	_clear_lock(&x,0);
| 
|   ;
|   return 0;
| }
configure:17530: cc -c -O2  -D_GNU_SOURCE -D_REENTRANT conftest.c >&5
configure: In function 'main':
configure:17550: error: 'FAIL' undeclared (first use in this function)
configure:17550: error: (Each undeclared identifier is reported only once
configure:17550: error: for each function it appears in.)
configure:17550: error: expected ';' before 'TO'
configure:17533: $? = 1
configure: failed program was:
| #line 17507 "configure"
| /* confdefs.h.  */
| 
| #define PACKAGE_NAME "Berkeley DB"
| #define PACKAGE_TARNAME "db-4.1.25"
| #define PACKAGE_VERSION "4.1.25"
| #define PACKAGE_STRING "Berkeley DB 4.1.25"
| #define PACKAGE_BUGREPORT "support@sleepycat.com"
| #define STDC_HEADERS 1
| #define HAVE_SYS_TYPES_H 1
| #define HAVE_SYS_STAT_H 1
| #define HAVE_STDLIB_H 1
| #define HAVE_STRING_H 1
| #define HAVE_MEMORY_H 1
| #define HAVE_STRINGS_H 1
| #define HAVE_INTTYPES_H 1
| #define HAVE_STDINT_H 1
| #define HAVE_UNISTD_H 1
| #define HAVE_DLFCN_H 1
| #define TIME_WITH_SYS_TIME 1
| #define HAVE_DIRENT_H 1
| #define HAVE_SYS_SELECT_H 1
| #define HAVE_SYS_TIME_H 1
| #define HAVE_STRUCT_STAT_ST_BLKSIZE 1
| #define SIZEOF_CHAR 1
| #define SIZEOF_UNSIGNED_CHAR 1
| #define SIZEOF_SHORT 2
| #define SIZEOF_UNSIGNED_SHORT 2
| #define SIZEOF_INT 4
| #define SIZEOF_UNSIGNED_INT 4
| #define SIZEOF_LONG 8
| #define SIZEOF_UNSIGNED_LONG 8
| #define SIZEOF_SIZE_T 8
| #define SIZEOF_CHAR_P 8
| #define HAVE_EXIT_SUCCESS 1
| /* end confdefs.h.  */
| 
| int
| main ()
| {
| 
| #if defined(__alpha) && defined(__GNUC__)
| 	exit(0);
| #else
| 	FAIL TO COMPILE/LINK
| #endif
| 
|   ;
|   return 0;
| }
configure:17575: cc -c -O2  -D_GNU_SOURCE -D_REENTRANT conftest.c >&5
configure: In function 'main':
configure:17595: error: 'FAIL' undeclared (first use in this function)
configure:17595: error: (Each undeclared identifier is reported only once
configure:17595: error: for each function it appears in.)
configure:17595: error: expected ';' before 'TO'
configure:17578: $? = 1
configure: failed program was:
| #line 17552 "configure"
| /* confdefs.h.  */
| 
| #define PACKAGE_NAME "Berkeley DB"
| #define PACKAGE_TARNAME "db-4.1.25"
| #define PACKAGE_VERSION "4.1.25"
| #define PACKAGE_STRING "Berkeley DB 4.1.25"
| #define PACKAGE_BUGREPORT "support@sleepycat.com"
| #define STDC_HEADERS 1
| #define HAVE_SYS_TYPES_H 1
| #define HAVE_SYS_STAT_H 1
| #define HAVE_STDLIB_H 1
| #define HAVE_STRING_H 1
| #define HAVE_MEMORY_H 1
| #define HAVE_STRINGS_H 1
| #define HAVE_INTTYPES_H 1
| #define HAVE_STDINT_H 1
| #define HAVE_UNISTD_H 1
| #define HAVE_DLFCN_H 1
| #define TIME_WITH_SYS_TIME 1
| #define HAVE_DIRENT_H 1
| #define HAVE_SYS_SELECT_H 1
| #define HAVE_SYS_TIME_H 1
| #define HAVE_STRUCT_STAT_ST_BLKSIZE 1
| #define SIZEOF_CHAR 1
| #define SIZEOF_UNSIGNED_CHAR 1
| #define SIZEOF_SHORT 2
| #define SIZEOF_UNSIGNED_SHORT 2
| #define SIZEOF_INT 4
| #define SIZEOF_UNSIGNED_INT 4
| #define SIZEOF_LONG 8
| #define SIZEOF_UNSIGNED_LONG 8
| #define SIZEOF_SIZE_T 8
| #define SIZEOF_CHAR_P 8
| #define HAVE_EXIT_SUCCESS 1
| /* end confdefs.h.  */
| 
| int
| main ()
| {
| 
| #if defined(__arm__) && defined(__GNUC__)
| 	exit(0);
| #else
| 	FAIL TO COMPILE/LINK
| #endif
| 
|   ;
|   return 0;
| }
configure:17620: cc -c -O2  -D_GNU_SOURCE -D_REENTRANT conftest.c >&5
configure: In function 'main':
configure:17640: error: 'FAIL' undeclared (first use in this function)
configure:17640: error: (Each undeclared identifier is reported only once
configure:17640: error: for each function it appears in.)
configure:17640: error: expected ';' before 'TO'
configure:17623: $? = 1
configure: failed program was:
| #line 17597 "configure"
| /* confdefs.h.  */
| 
| #define PACKAGE_NAME "Berkeley DB"
| #define PACKAGE_TARNAME "db-4.1.25"
| #define PACKAGE_VERSION "4.1.25"
| #define PACKAGE_STRING "Berkeley DB 4.1.25"
| #define PACKAGE_BUGREPORT "support@sleepycat.com"
| #define STDC_HEADERS 1
| #define HAVE_SYS_TYPES_H 1
| #define HAVE_SYS_STAT_H 1
| #define HAVE_STDLIB_H 1
| #define HAVE_STRING_H 1
| #define HAVE_MEMORY_H 1
| #define HAVE_STRINGS_H 1
| #define HAVE_INTTYPES_H 1
| #define HAVE_STDINT_H 1
| #define HAVE_UNISTD_H 1
| #define HAVE_DLFCN_H 1
| #define TIME_WITH_SYS_TIME 1
| #define HAVE_DIRENT_H 1
| #define HAVE_SYS_SELECT_H 1
| #define HAVE_SYS_TIME_H 1
| #define HAVE_STRUCT_STAT_ST_BLKSIZE 1
| #define SIZEOF_CHAR 1
| #define SIZEOF_UNSIGNED_CHAR 1
| #define SIZEOF_SHORT 2
| #define SIZEOF_UNSIGNED_SHORT 2
| #define SIZEOF_INT 4
| #define SIZEOF_UNSIGNED_INT 4
| #define SIZEOF_LONG 8
| #define SIZEOF_UNSIGNED_LONG 8
| #define SIZEOF_SIZE_T 8
| #define SIZEOF_CHAR_P 8
| #define HAVE_EXIT_SUCCESS 1
| /* end confdefs.h.  */
| 
| int
| main ()
| {
| 
| #if (defined(__mips) || defined(__mips__)) && defined(__GNUC__)
| 	exit(0);
| #else
| 	FAIL TO COMPILE/LINK
| #endif
| 
|   ;
|   return 0;
| }
configure:17665: cc -c -O2  -D_GNU_SOURCE -D_REENTRANT conftest.c >&5
configure: In function 'main':
configure:17685: error: 'FAIL' undeclared (first use in this function)
configure:17685: error: (Each undeclared identifier is reported only once
configure:17685: error: for each function it appears in.)
configure:17685: error: expected ';' before 'TO'
configure:17668: $? = 1
configure: failed program was:
| #line 17642 "configure"
| /* confdefs.h.  */
| 
| #define PACKAGE_NAME "Berkeley DB"
| #define PACKAGE_TARNAME "db-4.1.25"
| #define PACKAGE_VERSION "4.1.25"
| #define PACKAGE_STRING "Berkeley DB 4.1.25"
| #define PACKAGE_BUGREPORT "support@sleepycat.com"
| #define STDC_HEADERS 1
| #define HAVE_SYS_TYPES_H 1
| #define HAVE_SYS_STAT_H 1
| #define HAVE_STDLIB_H 1
| #define HAVE_STRING_H 1
| #define HAVE_MEMORY_H 1
| #define HAVE_STRINGS_H 1
| #define HAVE_INTTYPES_H 1
| #define HAVE_STDINT_H 1
| #define HAVE_UNISTD_H 1
| #define HAVE_DLFCN_H 1
| #define TIME_WITH_SYS_TIME 1
| #define HAVE_DIRENT_H 1
| #define HAVE_SYS_SELECT_H 1
| #define HAVE_SYS_TIME_H 1
| #define HAVE_STRUCT_STAT_ST_BLKSIZE 1
| #define SIZEOF_CHAR 1
| #define SIZEOF_UNSIGNED_CHAR 1
| #define SIZEOF_SHORT 2
| #define SIZEOF_UNSIGNED_SHORT 2
| #define SIZEOF_INT 4
| #define SIZEOF_UNSIGNED_INT 4
| #define SIZEOF_LONG 8
| #define SIZEOF_UNSIGNED_LONG 8
| #define SIZEOF_SIZE_T 8
| #define SIZEOF_CHAR_P 8
| #define HAVE_EXIT_SUCCESS 1
| /* end confdefs.h.  */
| 
| int
| main ()
| {
| 
| #if (defined(__hppa) || defined(__hppa__)) && defined(__GNUC__)
| 	exit(0);
| #else
| 	FAIL TO COMPILE/LINK
| #endif
| 
|   ;
|   return 0;
| }
configure:17711: cc -c -O2  -D_GNU_SOURCE -D_REENTRANT conftest.c >&5
configure: In function 'main':
configure:17731: error: 'FAIL' undeclared (first use in this function)
configure:17731: error: (Each undeclared identifier is reported only once
configure:17731: error: for each function it appears in.)
configure:17731: error: expected ';' before 'TO'
configure:17714: $? = 1
configure: failed program was:
| #line 17688 "configure"
| /* confdefs.h.  */
| 
| #define PACKAGE_NAME "Berkeley DB"
| #define PACKAGE_TARNAME "db-4.1.25"
| #define PACKAGE_VERSION "4.1.25"
| #define PACKAGE_STRING "Berkeley DB 4.1.25"
| #define PACKAGE_BUGREPORT "support@sleepycat.com"
| #define STDC_HEADERS 1
| #define HAVE_SYS_TYPES_H 1
| #define HAVE_SYS_STAT_H 1
| #define HAVE_STDLIB_H 1
| #define HAVE_STRING_H 1
| #define HAVE_MEMORY_H 1
| #define HAVE_STRINGS_H 1
| #define HAVE_INTTYPES_H 1
| #define HAVE_STDINT_H 1
| #define HAVE_UNISTD_H 1
| #define HAVE_DLFCN_H 1
| #define TIME_WITH_SYS_TIME 1
| #define HAVE_DIRENT_H 1
| #define HAVE_SYS_SELECT_H 1
| #define HAVE_SYS_TIME_H 1
| #define HAVE_STRUCT_STAT_ST_BLKSIZE 1
| #define SIZEOF_CHAR 1
| #define SIZEOF_UNSIGNED_CHAR 1
| #define SIZEOF_SHORT 2
| #define SIZEOF_UNSIGNED_SHORT 2
| #define SIZEOF_INT 4
| #define SIZEOF_UNSIGNED_INT 4
| #define SIZEOF_LONG 8
| #define SIZEOF_UNSIGNED_LONG 8
| #define SIZEOF_SIZE_T 8
| #define SIZEOF_CHAR_P 8
| #define HAVE_EXIT_SUCCESS 1
| /* end confdefs.h.  */
| 
| int
| main ()
| {
| 
| #if (defined(__powerpc__) || defined(__ppc__)) && defined(__GNUC__) && defined(__APPLE__)
| 	exit(0);
| #else
| 	FAIL TO COMPILE/LINK
| #endif
| 
|   ;
|   return 0;
| }
configure:17754: cc -c -O2  -D_GNU_SOURCE -D_REENTRANT conftest.c >&5
configure: In function 'main':
configure:17774: error: 'FAIL' undeclared (first use in this function)
configure:17774: error: (Each undeclared identifier is reported only once
configure:17774: error: for each function it appears in.)
configure:17774: error: expected ';' before 'TO'
configure:17757: $? = 1
configure: failed program was:
| #line 17731 "configure"
| /* confdefs.h.  */
| 
| #define PACKAGE_NAME "Berkeley DB"
| #define PACKAGE_TARNAME "db-4.1.25"
| #define PACKAGE_VERSION "4.1.25"
| #define PACKAGE_STRING "Berkeley DB 4.1.25"
| #define PACKAGE_BUGREPORT "support@sleepycat.com"
| #define STDC_HEADERS 1
| #define HAVE_SYS_TYPES_H 1
| #define HAVE_SYS_STAT_H 1
| #define HAVE_STDLIB_H 1
| #define HAVE_STRING_H 1
| #define HAVE_MEMORY_H 1
| #define HAVE_STRINGS_H 1
| #define HAVE_INTTYPES_H 1
| #define HAVE_STDINT_H 1
| #define HAVE_UNISTD_H 1
| #define HAVE_DLFCN_H 1
| #define TIME_WITH_SYS_TIME 1
| #define HAVE_DIRENT_H 1
| #define HAVE_SYS_SELECT_H 1
| #define HAVE_SYS_TIME_H 1
| #define HAVE_STRUCT_STAT_ST_BLKSIZE 1
| #define SIZEOF_CHAR 1
| #define SIZEOF_UNSIGNED_CHAR 1
| #define SIZEOF_SHORT 2
| #define SIZEOF_UNSIGNED_SHORT 2
| #define SIZEOF_INT 4
| #define SIZEOF_UNSIGNED_INT 4
| #define SIZEOF_LONG 8
| #define SIZEOF_UNSIGNED_LONG 8
| #define SIZEOF_SIZE_T 8
| #define SIZEOF_CHAR_P 8
| #define HAVE_EXIT_SUCCESS 1
| /* end confdefs.h.  */
| 
| int
| main ()
| {
| 
| #if (defined(__powerpc__) || defined(__ppc__)) && defined(__GNUC__)
| 	exit(0);
| #else
| 	FAIL TO COMPILE/LINK
| #endif
| 
|   ;
|   return 0;
| }
configure:17799: cc -c -O2  -D_GNU_SOURCE -D_REENTRANT conftest.c >&5
configure: In function 'main':
configure:17819: error: 'FAIL' undeclared (first use in this function)
configure:17819: error: (Each undeclared identifier is reported only once
configure:17819: error: for each function it appears in.)
configure:17819: error: expected ';' before 'TO'
configure:17802: $? = 1
configure: failed program was:
| #line 17776 "configure"
| /* confdefs.h.  */
| 
| #define PACKAGE_NAME "Berkeley DB"
| #define PACKAGE_TARNAME "db-4.1.25"
| #define PACKAGE_VERSION "4.1.25"
| #define PACKAGE_STRING "Berkeley DB 4.1.25"
| #define PACKAGE_BUGREPORT "support@sleepycat.com"
| #define STDC_HEADERS 1
| #define HAVE_SYS_TYPES_H 1
| #define HAVE_SYS_STAT_H 1
| #define HAVE_STDLIB_H 1
| #define HAVE_STRING_H 1
| #define HAVE_MEMORY_H 1
| #define HAVE_STRINGS_H 1
| #define HAVE_INTTYPES_H 1
| #define HAVE_STDINT_H 1
| #define HAVE_UNISTD_H 1
| #define HAVE_DLFCN_H 1
| #define TIME_WITH_SYS_TIME 1
| #define HAVE_DIRENT_H 1
| #define HAVE_SYS_SELECT_H 1
| #define HAVE_SYS_TIME_H 1
| #define HAVE_STRUCT_STAT_ST_BLKSIZE 1
| #define SIZEOF_CHAR 1
| #define SIZEOF_UNSIGNED_CHAR 1
| #define SIZEOF_SHORT 2
| #define SIZEOF_UNSIGNED_SHORT 2
| #define SIZEOF_INT 4
| #define SIZEOF_UNSIGNED_INT 4
| #define SIZEOF_LONG 8
| #define SIZEOF_UNSIGNED_LONG 8
| #define SIZEOF_SIZE_T 8
| #define SIZEOF_CHAR_P 8
| #define HAVE_EXIT_SUCCESS 1
| /* end confdefs.h.  */
| 
| int
| main ()
| {
| 
| #if defined(__sparc__) && defined(__GNUC__)
| 	exit(0);
| #else
| 	FAIL TO COMPILE/LINK
| #endif
| 
|   ;
|   return 0;
| }
configure:17844: cc -c -O2  -D_GNU_SOURCE -D_REENTRANT conftest.c >&5
configure: In function 'main':
configure:17864: error: 'FAIL' undeclared (first use in this function)
configure:17864: error: (Each undeclared identifier is reported only once
configure:17864: error: for each function it appears in.)
configure:17864: error: expected ';' before 'TO'
configure:17847: $? = 1
configure: failed program was:
| #line 17821 "configure"
| /* confdefs.h.  */
| 
| #define PACKAGE_NAME "Berkeley DB"
| #define PACKAGE_TARNAME "db-4.1.25"
| #define PACKAGE_VERSION "4.1.25"
| #define PACKAGE_STRING "Berkeley DB 4.1.25"
| #define PACKAGE_BUGREPORT "support@sleepycat.com"
| #define STDC_HEADERS 1
| #define HAVE_SYS_TYPES_H 1
| #define HAVE_SYS_STAT_H 1
| #define HAVE_STDLIB_H 1
| #define HAVE_STRING_H 1
| #define HAVE_MEMORY_H 1
| #define HAVE_STRINGS_H 1
| #define HAVE_INTTYPES_H 1
| #define HAVE_STDINT_H 1
| #define HAVE_UNISTD_H 1
| #define HAVE_DLFCN_H 1
| #define TIME_WITH_SYS_TIME 1
| #define HAVE_DIRENT_H 1
| #define HAVE_SYS_SELECT_H 1
| #define HAVE_SYS_TIME_H 1
| #define HAVE_STRUCT_STAT_ST_BLKSIZE 1
| #define SIZEOF_CHAR 1
| #define SIZEOF_UNSIGNED_CHAR 1
| #define SIZEOF_SHORT 2
| #define SIZEOF_UNSIGNED_SHORT 2
| #define SIZEOF_INT 4
| #define SIZEOF_UNSIGNED_INT 4
| #define SIZEOF_LONG 8
| #define SIZEOF_UNSIGNED_LONG 8
| #define SIZEOF_SIZE_T 8
| #define SIZEOF_CHAR_P 8
| #define HAVE_EXIT_SUCCESS 1
| /* end confdefs.h.  */
| 
| int
| main ()
| {
| 
| #if (defined(mc68020) || defined(sun3)) && defined(__GNUC__)
| 	exit(0);
| #else
| 	FAIL TO COMPILE/LINK
| #endif
| 
|   ;
|   return 0;
| }
configure:17889: cc -c -O2  -D_GNU_SOURCE -D_REENTRANT conftest.c >&5
configure: In function 'main':
configure:17909: error: 'FAIL' undeclared (first use in this function)
configure:17909: error: (Each undeclared identifier is reported only once
configure:17909: error: for each function it appears in.)
configure:17909: error: expected ';' before 'TO'
configure:17892: $? = 1
configure: failed program was:
| #line 17866 "configure"
| /* confdefs.h.  */
| 
| #define PACKAGE_NAME "Berkeley DB"
| #define PACKAGE_TARNAME "db-4.1.25"
| #define PACKAGE_VERSION "4.1.25"
| #define PACKAGE_STRING "Berkeley DB 4.1.25"
| #define PACKAGE_BUGREPORT "support@sleepycat.com"
| #define STDC_HEADERS 1
| #define HAVE_SYS_TYPES_H 1
| #define HAVE_SYS_STAT_H 1
| #define HAVE_STDLIB_H 1
| #define HAVE_STRING_H 1
| #define HAVE_MEMORY_H 1
| #define HAVE_STRINGS_H 1
| #define HAVE_INTTYPES_H 1
| #define HAVE_STDINT_H 1
| #define HAVE_UNISTD_H 1
| #define HAVE_DLFCN_H 1
| #define TIME_WITH_SYS_TIME 1
| #define HAVE_DIRENT_H 1
| #define HAVE_SYS_SELECT_H 1
| #define HAVE_SYS_TIME_H 1
| #define HAVE_STRUCT_STAT_ST_BLKSIZE 1
| #define SIZEOF_CHAR 1
| #define SIZEOF_UNSIGNED_CHAR 1
| #define SIZEOF_SHORT 2
| #define SIZEOF_UNSIGNED_SHORT 2
| #define SIZEOF_INT 4
| #define SIZEOF_UNSIGNED_INT 4
| #define SIZEOF_LONG 8
| #define SIZEOF_UNSIGNED_LONG 8
| #define SIZEOF_SIZE_T 8
| #define SIZEOF_CHAR_P 8
| #define HAVE_EXIT_SUCCESS 1
| /* end confdefs.h.  */
| 
| int
| main ()
| {
| 
| #if (defined(i386) || defined(__i386__)) && defined(__GNUC__)
| 	exit(0);
| #else
| 	FAIL TO COMPILE/LINK
| #endif
| 
|   ;
|   return 0;
| }
configure:17934: cc -c -O2  -D_GNU_SOURCE -D_REENTRANT conftest.c >&5
configure: In function 'main':
configure:17954: error: 'FAIL' undeclared (first use in this function)
configure:17954: error: (Each undeclared identifier is reported only once
configure:17954: error: for each function it appears in.)
configure:17954: error: expected ';' before 'TO'
configure:17937: $? = 1
configure: failed program was:
| #line 17911 "configure"
| /* confdefs.h.  */
| 
| #define PACKAGE_NAME "Berkeley DB"
| #define PACKAGE_TARNAME "db-4.1.25"
| #define PACKAGE_VERSION "4.1.25"
| #define PACKAGE_STRING "Berkeley DB 4.1.25"
| #define PACKAGE_BUGREPORT "support@sleepycat.com"
| #define STDC_HEADERS 1
| #define HAVE_SYS_TYPES_H 1
| #define HAVE_SYS_STAT_H 1
| #define HAVE_STDLIB_H 1
| #define HAVE_STRING_H 1
| #define HAVE_MEMORY_H 1
| #define HAVE_STRINGS_H 1
| #define HAVE_INTTYPES_H 1
| #define HAVE_STDINT_H 1
| #define HAVE_UNISTD_H 1
| #define HAVE_DLFCN_H 1
| #define TIME_WITH_SYS_TIME 1
| #define HAVE_DIRENT_H 1
| #define HAVE_SYS_SELECT_H 1
| #define HAVE_SYS_TIME_H 1
| #define HAVE_STRUCT_STAT_ST_BLKSIZE 1
| #define SIZEOF_CHAR 1
| #define SIZEOF_UNSIGNED_CHAR 1
| #define SIZEOF_SHORT 2
| #define SIZEOF_UNSIGNED_SHORT 2
| #define SIZEOF_INT 4
| #define SIZEOF_UNSIGNED_INT 4
| #define SIZEOF_LONG 8
| #define SIZEOF_UNSIGNED_LONG 8
| #define SIZEOF_SIZE_T 8
| #define SIZEOF_CHAR_P 8
| #define HAVE_EXIT_SUCCESS 1
| /* end confdefs.h.  */
| 
| int
| main ()
| {
| 
| #if defined(__s390__) && defined(__GNUC__)
| 	exit(0);
| #else
| 	FAIL TO COMPILE/LINK
| #endif
| 
|   ;
|   return 0;
| }
configure:17979: cc -c -O2  -D_GNU_SOURCE -D_REENTRANT conftest.c >&5
configure: In function 'main':
configure:17997: warning: incompatible implicit declaration of built-in function 'exit'
configure:17982: $? = 0
configure:17985: test -s conftest.o
configure:17988: $? = 0
configure:18325: result: x86_64/gcc-assembly
configure:18637: checking for getcwd
configure:18687: cc -o conftest -O2  -D_GNU_SOURCE -D_REENTRANT -L/home/test/opt/lib64  conftest.c  >&5
configure:18690: $? = 0
configure:18693: test -s conftest
configure:18696: $? = 0
configure:18707: result: yes
configure:18637: checking for getopt
configure:18687: cc -o conftest -O2  -D_GNU_SOURCE -D_REENTRANT -L/home/test/opt/lib64  conftest.c  >&5
configure:18690: $? = 0
configure:18693: test -s conftest
configure:18696: $? = 0
configure:18707: result: yes
configure:18637: checking for memcmp
configure:18687: cc -o conftest -O2  -D_GNU_SOURCE -D_REENTRANT -L/home/test/opt/lib64  conftest.c  >&5
configure:18697: warning: conflicting types for built-in function 'memcmp'
configure:18690: $? = 0
configure:18693: test -s conftest
configure:18696: $? = 0
configure:18707: result: yes
configure:18637: checking for memcpy
configure:18687: cc -o conftest -O2  -D_GNU_SOURCE -D_REENTRANT -L/home/test/opt/lib64  conftest.c  >&5
configure:18698: warning: conflicting types for built-in function 'memcpy'
configure:18690: $? = 0
configure:18693: test -s conftest
configure:18696: $? = 0
configure:18707: result: yes
configure:18637: checking for memmove
configure:18687: cc -o conftest -O2  -D_GNU_SOURCE -D_REENTRANT -L/home/test/opt/lib64  conftest.c  >&5
configure:18699: warning: conflicting types for built-in function 'memmove'
configure:18690: $? = 0
configure:18693: test -s conftest
configure:18696: $? = 0
configure:18707: result: yes
configure:18637: checking for raise
configure:18687: cc -o conftest -O2  -D_GNU_SOURCE -D_REENTRANT -L/home/test/opt/lib64  conftest.c  >&5
configure:18690: $? = 0
configure:18693: test -s conftest
configure:18696: $? = 0
configure:18707: result: yes
configure:18728: checking for snprintf
configure:18778: cc -o conftest -O2  -D_GNU_SOURCE -D_REENTRANT -L/home/test/opt/lib64  conftest.c  >&5
configure:18792: warning: conflicting types for built-in function 'snprintf'
configure:18781: $? = 0
configure:18784: test -s conftest
configure:18787: $? = 0
configure:18798: result: yes
configure:18728: checking for strcasecmp
configure:18778: cc -o conftest -O2  -D_GNU_SOURCE -D_REENTRANT -L/home/test/opt/lib64  conftest.c  >&5
configure:18793: warning: conflicting types for built-in function 'strcasecmp'
configure:18781: $? = 0
configure:18784: test -s conftest
configure:18787: $? = 0
configure:18798: result: yes
configure:18728: checking for strdup
configure:18778: cc -o conftest -O2  -D_GNU_SOURCE -D_REENTRANT -L/home/test/opt/lib64  conftest.c  >&5
configure:18794: warning: conflicting types for built-in function 'strdup'
configure:18781: $? = 0
configure:18784: test -s conftest
configure:18787: $? = 0
configure:18798: result: yes
configure:18728: checking for strerror
configure:18778: cc -o conftest -O2  -D_GNU_SOURCE -D_REENTRANT -L/home/test/opt/lib64  conftest.c  >&5
configure:18781: $? = 0
configure:18784: test -s conftest
configure:18787: $? = 0
configure:18798: result: yes
configure:18728: checking for vsnprintf
configure:18778: cc -o conftest -O2  -D_GNU_SOURCE -D_REENTRANT -L/home/test/opt/lib64  conftest.c  >&5
configure:18796: warning: conflicting types for built-in function 'vsnprintf'
configure:18781: $? = 0
configure:18784: test -s conftest
configure:18787: $? = 0
configure:18798: result: yes
configure:18821: checking for _fstati64
configure:18871: cc -o conftest -O2  -D_GNU_SOURCE -D_REENTRANT -L/home/test/opt/lib64  conftest.c  >&5
/tmp/ccGdU4yl.o: In function `main':
conftest.c:(.text+0x9): undefined reference to `_fstati64'
/tmp/ccGdU4yl.o:(.data+0x0): undefined reference to `_fstati64'
collect2: ld returned 1 exit status
configure:18874: $? = 1
configure: failed program was:
| #line 18826 "configure"
| /* confdefs.h.  */
| 
| #define PACKAGE_NAME "Berkeley DB"
| #define PACKAGE_TARNAME "db-4.1.25"
| #define PACKAGE_VERSION "4.1.25"
| #define PACKAGE_STRING "Berkeley DB 4.1.25"
| #define PACKAGE_BUGREPORT "support@sleepycat.com"
| #define STDC_HEADERS 1
| #define HAVE_SYS_TYPES_H 1
| #define HAVE_SYS_STAT_H 1
| #define HAVE_STDLIB_H 1
| #define HAVE_STRING_H 1
| #define HAVE_MEMORY_H 1
| #define HAVE_STRINGS_H 1
| #define HAVE_INTTYPES_H 1
| #define HAVE_STDINT_H 1
| #define HAVE_UNISTD_H 1
| #define HAVE_DLFCN_H 1
| #define TIME_WITH_SYS_TIME 1
| #define HAVE_DIRENT_H 1
| #define HAVE_SYS_SELECT_H 1
| #define HAVE_SYS_TIME_H 1
| #define HAVE_STRUCT_STAT_ST_BLKSIZE 1
| #define SIZEOF_CHAR 1
| #define SIZEOF_UNSIGNED_CHAR 1
| #define SIZEOF_SHORT 2
| #define SIZEOF_UNSIGNED_SHORT 2
| #define SIZEOF_INT 4
| #define SIZEOF_UNSIGNED_INT 4
| #define SIZEOF_LONG 8
| #define SIZEOF_UNSIGNED_LONG 8
| #define SIZEOF_SIZE_T 8
| #define SIZEOF_CHAR_P 8
| #define HAVE_EXIT_SUCCESS 1
| #define HAVE_MUTEX_X86_64_GCC_ASSEMBLY 1
| #define HAVE_MUTEX_THREADS 1
| #define HAVE_GETCWD 1
| #define HAVE_GETOPT 1
| #define HAVE_MEMCMP 1
| #define HAVE_MEMCPY 1
| #define HAVE_MEMMOVE 1
| #define HAVE_RAISE 1
| #define HAVE_SNPRINTF 1
| #define HAVE_STRCASECMP 1
| #define HAVE_STRDUP 1
| #define HAVE_STRERROR 1
| #define HAVE_VSNPRINTF 1
| /* end confdefs.h.  */
| /* System header to define __stub macros and hopefully few prototypes,
|     which can conflict with char _fstati64 (); below.
|     Prefer <limits.h> to <assert.h> if __STDC__ is defined, since
|     <limits.h> exists even on freestanding compilers.  */
| #ifdef __STDC__
| # include <limits.h>
| #else
| # include <assert.h>
| #endif
| /* Override any gcc2 internal prototype to avoid an error.  */
| #ifdef __cplusplus
| extern "C"
| {
| #endif
| /* We use char because int might match the return type of a gcc2
|    builtin and then its argument prototype would still apply.  */
| char _fstati64 ();
| /* The GNU C library defines this for functions which it implements
|     to always fail with ENOSYS.  Some functions are actually named
|     something starting with __ and the normal name is an alias.  */
| #if defined (__stub__fstati64) || defined (__stub____fstati64)
| choke me
| #else
| char (*f) () = _fstati64;
| #endif
| #ifdef __cplusplus
| }
| #endif
| 
| int
| main ()
| {
| return f != _fstati64;
|   ;
|   return 0;
| }
configure:18891: result: no
configure:18821: checking for clock_gettime
configure:18871: cc -o conftest -O2  -D_GNU_SOURCE -D_REENTRANT -L/home/test/opt/lib64  conftest.c  >&5
/tmp/ccKQJwDf.o: In function `main':
conftest.c:(.text+0x9): undefined reference to `clock_gettime'
/tmp/ccKQJwDf.o:(.data+0x0): undefined reference to `clock_gettime'
collect2: ld returned 1 exit status
configure:18874: $? = 1
configure: failed program was:
| #line 18826 "configure"
| /* confdefs.h.  */
| 
| #define PACKAGE_NAME "Berkeley DB"
| #define PACKAGE_TARNAME "db-4.1.25"
| #define PACKAGE_VERSION "4.1.25"
| #define PACKAGE_STRING "Berkeley DB 4.1.25"
| #define PACKAGE_BUGREPORT "support@sleepycat.com"
| #define STDC_HEADERS 1
| #define HAVE_SYS_TYPES_H 1
| #define HAVE_SYS_STAT_H 1
| #define HAVE_STDLIB_H 1
| #define HAVE_STRING_H 1
| #define HAVE_MEMORY_H 1
| #define HAVE_STRINGS_H 1
| #define HAVE_INTTYPES_H 1
| #define HAVE_STDINT_H 1
| #define HAVE_UNISTD_H 1
| #define HAVE_DLFCN_H 1
| #define TIME_WITH_SYS_TIME 1
| #define HAVE_DIRENT_H 1
| #define HAVE_SYS_SELECT_H 1
| #define HAVE_SYS_TIME_H 1
| #define HAVE_STRUCT_STAT_ST_BLKSIZE 1
| #define SIZEOF_CHAR 1
| #define SIZEOF_UNSIGNED_CHAR 1
| #define SIZEOF_SHORT 2
| #define SIZEOF_UNSIGNED_SHORT 2
| #define SIZEOF_INT 4
| #define SIZEOF_UNSIGNED_INT 4
| #define SIZEOF_LONG 8
| #define SIZEOF_UNSIGNED_LONG 8
| #define SIZEOF_SIZE_T 8
| #define SIZEOF_CHAR_P 8
| #define HAVE_EXIT_SUCCESS 1
| #define HAVE_MUTEX_X86_64_GCC_ASSEMBLY 1
| #define HAVE_MUTEX_THREADS 1
| #define HAVE_GETCWD 1
| #define HAVE_GETOPT 1
| #define HAVE_MEMCMP 1
| #define HAVE_MEMCPY 1
| #define HAVE_MEMMOVE 1
| #define HAVE_RAISE 1
| #define HAVE_SNPRINTF 1
| #define HAVE_STRCASECMP 1
| #define HAVE_STRDUP 1
| #define HAVE_STRERROR 1
| #define HAVE_VSNPRINTF 1
| /* end confdefs.h.  */
| /* System header to define __stub macros and hopefully few prototypes,
|     which can conflict with char clock_gettime (); below.
|     Prefer <limits.h> to <assert.h> if __STDC__ is defined, since
|     <limits.h> exists even on freestanding compilers.  */
| #ifdef __STDC__
| # include <limits.h>
| #else
| # include <assert.h>
| #endif
| /* Override any gcc2 internal prototype to avoid an error.  */
| #ifdef __cplusplus
| extern "C"
| {
| #endif
| /* We use char because int might match the return type of a gcc2
|    builtin and then its argument prototype would still apply.  */
| char clock_gettime ();
| /* The GNU C library defines this for functions which it implements
|     to always fail with ENOSYS.  Some functions are actually named
|     something starting with __ and the normal name is an alias.  */
| #if defined (__stub_clock_gettime) || defined (__stub___clock_gettime)
| choke me
| #else
| char (*f) () = clock_gettime;
| #endif
| #ifdef __cplusplus
| }
| #endif
| 
| int
| main ()
| {
| return f != clock_gettime;
|   ;
|   return 0;
| }
configure:18891: result: no
configure:18821: checking for directio
configure:18871: cc -o conftest -O2  -D_GNU_SOURCE -D_REENTRANT -L/home/test/opt/lib64  conftest.c  >&5
/tmp/cc6dYnHs.o: In function `main':
conftest.c:(.text+0x9): undefined reference to `directio'
/tmp/cc6dYnHs.o:(.data+0x0): undefined reference to `directio'
collect2: ld returned 1 exit status
configure:18874: $? = 1
configure: failed program was:
| #line 18826 "configure"
| /* confdefs.h.  */
| 
| #define PACKAGE_NAME "Berkeley DB"
| #define PACKAGE_TARNAME "db-4.1.25"
| #define PACKAGE_VERSION "4.1.25"
| #define PACKAGE_STRING "Berkeley DB 4.1.25"
| #define PACKAGE_BUGREPORT "support@sleepycat.com"
| #define STDC_HEADERS 1
| #define HAVE_SYS_TYPES_H 1
| #define HAVE_SYS_STAT_H 1
| #define HAVE_STDLIB_H 1
| #define HAVE_STRING_H 1
| #define HAVE_MEMORY_H 1
| #define HAVE_STRINGS_H 1
| #define HAVE_INTTYPES_H 1
| #define HAVE_STDINT_H 1
| #define HAVE_UNISTD_H 1
| #define HAVE_DLFCN_H 1
| #define TIME_WITH_SYS_TIME 1
| #define HAVE_DIRENT_H 1
| #define HAVE_SYS_SELECT_H 1
| #define HAVE_SYS_TIME_H 1
| #define HAVE_STRUCT_STAT_ST_BLKSIZE 1
| #define SIZEOF_CHAR 1
| #define SIZEOF_UNSIGNED_CHAR 1
| #define SIZEOF_SHORT 2
| #define SIZEOF_UNSIGNED_SHORT 2
| #define SIZEOF_INT 4
| #define SIZEOF_UNSIGNED_INT 4
| #define SIZEOF_LONG 8
| #define SIZEOF_UNSIGNED_LONG 8
| #define SIZEOF_SIZE_T 8
| #define SIZEOF_CHAR_P 8
| #define HAVE_EXIT_SUCCESS 1
| #define HAVE_MUTEX_X86_64_GCC_ASSEMBLY 1
| #define HAVE_MUTEX_THREADS 1
| #define HAVE_GETCWD 1
| #define HAVE_GETOPT 1
| #define HAVE_MEMCMP 1
| #define HAVE_MEMCPY 1
| #define HAVE_MEMMOVE 1
| #define HAVE_RAISE 1
| #define HAVE_SNPRINTF 1
| #define HAVE_STRCASECMP 1
| #define HAVE_STRDUP 1
| #define HAVE_STRERROR 1
| #define HAVE_VSNPRINTF 1
| /* end confdefs.h.  */
| /* System header to define __stub macros and hopefully few prototypes,
|     which can conflict with char directio (); below.
|     Prefer <limits.h> to <assert.h> if __STDC__ is defined, since
|     <limits.h> exists even on freestanding compilers.  */
| #ifdef __STDC__
| # include <limits.h>
| #else
| # include <assert.h>
| #endif
| /* Override any gcc2 internal prototype to avoid an error.  */
| #ifdef __cplusplus
| extern "C"
| {
| #endif
| /* We use char because int might match the return type of a gcc2
|    builtin and then its argument prototype would still apply.  */
| char directio ();
| /* The GNU C library defines this for functions which it implements
|     to always fail with ENOSYS.  Some functions are actually named
|     something starting with __ and the normal name is an alias.  */
| #if defined (__stub_directio) || defined (__stub___directio)
| choke me
| #else
| char (*f) () = directio;
| #endif
| #ifdef __cplusplus
| }
| #endif
| 
| int
| main ()
| {
| return f != directio;
|   ;
|   return 0;
| }
configure:18891: result: no
configure:18821: checking for gettimeofday
configure:18871: cc -o conftest -O2  -D_GNU_SOURCE -D_REENTRANT -L/home/test/opt/lib64  conftest.c  >&5
configure:18874: $? = 0
configure:18877: test -s conftest
configure:18880: $? = 0
configure:18891: result: yes
configure:18821: checking for getuid
configure:18871: cc -o conftest -O2  -D_GNU_SOURCE -D_REENTRANT -L/home/test/opt/lib64  conftest.c  >&5
configure:18874: $? = 0
configure:18877: test -s conftest
configure:18880: $? = 0
configure:18891: result: yes
configure:18910: checking for pstat_getdynamic
configure:18960: cc -o conftest -O2  -D_GNU_SOURCE -D_REENTRANT -L/home/test/opt/lib64  conftest.c  >&5
/tmp/ccQ1Rrp8.o: In function `main':
conftest.c:(.text+0x9): undefined reference to `pstat_getdynamic'
/tmp/ccQ1Rrp8.o:(.data+0x0): undefined reference to `pstat_getdynamic'
collect2: ld returned 1 exit status
configure:18963: $? = 1
configure: failed program was:
| #line 18915 "configure"
| /* confdefs.h.  */
| 
| #define PACKAGE_NAME "Berkeley DB"
| #define PACKAGE_TARNAME "db-4.1.25"
| #define PACKAGE_VERSION "4.1.25"
| #define PACKAGE_STRING "Berkeley DB 4.1.25"
| #define PACKAGE_BUGREPORT "support@sleepycat.com"
| #define STDC_HEADERS 1
| #define HAVE_SYS_TYPES_H 1
| #define HAVE_SYS_STAT_H 1
| #define HAVE_STDLIB_H 1
| #define HAVE_STRING_H 1
| #define HAVE_MEMORY_H 1
| #define HAVE_STRINGS_H 1
| #define HAVE_INTTYPES_H 1
| #define HAVE_STDINT_H 1
| #define HAVE_UNISTD_H 1
| #define HAVE_DLFCN_H 1
| #define TIME_WITH_SYS_TIME 1
| #define HAVE_DIRENT_H 1
| #define HAVE_SYS_SELECT_H 1
| #define HAVE_SYS_TIME_H 1
| #define HAVE_STRUCT_STAT_ST_BLKSIZE 1
| #define SIZEOF_CHAR 1
| #define SIZEOF_UNSIGNED_CHAR 1
| #define SIZEOF_SHORT 2
| #define SIZEOF_UNSIGNED_SHORT 2
| #define SIZEOF_INT 4
| #define SIZEOF_UNSIGNED_INT 4
| #define SIZEOF_LONG 8
| #define SIZEOF_UNSIGNED_LONG 8
| #define SIZEOF_SIZE_T 8
| #define SIZEOF_CHAR_P 8
| #define HAVE_EXIT_SUCCESS 1
| #define HAVE_MUTEX_X86_64_GCC_ASSEMBLY 1
| #define HAVE_MUTEX_THREADS 1
| #define HAVE_GETCWD 1
| #define HAVE_GETOPT 1
| #define HAVE_MEMCMP 1
| #define HAVE_MEMCPY 1
| #define HAVE_MEMMOVE 1
| #define HAVE_RAISE 1
| #define HAVE_SNPRINTF 1
| #define HAVE_STRCASECMP 1
| #define HAVE_STRDUP 1
| #define HAVE_STRERROR 1
| #define HAVE_VSNPRINTF 1
| #define HAVE_GETTIMEOFDAY 1
| #define HAVE_GETUID 1
| /* end confdefs.h.  */
| /* System header to define __stub macros and hopefully few prototypes,
|     which can conflict with char pstat_getdynamic (); below.
|     Prefer <limits.h> to <assert.h> if __STDC__ is defined, since
|     <limits.h> exists even on freestanding compilers.  */
| #ifdef __STDC__
| # include <limits.h>
| #else
| # include <assert.h>
| #endif
| /* Override any gcc2 internal prototype to avoid an error.  */
| #ifdef __cplusplus
| extern "C"
| {
| #endif
| /* We use char because int might match the return type of a gcc2
|    builtin and then its argument prototype would still apply.  */
| char pstat_getdynamic ();
| /* The GNU C library defines this for functions which it implements
|     to always fail with ENOSYS.  Some functions are actually named
|     something starting with __ and the normal name is an alias.  */
| #if defined (__stub_pstat_getdynamic) || defined (__stub___pstat_getdynamic)
| choke me
| #else
| char (*f) () = pstat_getdynamic;
| #endif
| #ifdef __cplusplus
| }
| #endif
| 
| int
| main ()
| {
| return f != pstat_getdynamic;
|   ;
|   return 0;
| }
configure:18980: result: no
configure:18910: checking for sched_yield
configure:18980: result: yes
configure:18910: checking for select
configure:18960: cc -o conftest -O2  -D_GNU_SOURCE -D_REENTRANT -L/home/test/opt/lib64  conftest.c  >&5
configure:18963: $? = 0
configure:18966: test -s conftest
configure:18969: $? = 0
configure:18980: result: yes
configure:18910: checking for strtoul
configure:18960: cc -o conftest -O2  -D_GNU_SOURCE -D_REENTRANT -L/home/test/opt/lib64  conftest.c  >&5
configure:18963: $? = 0
configure:18966: test -s conftest
configure:18969: $? = 0
configure:18980: result: yes
configure:18910: checking for sysconf
configure:18960: cc -o conftest -O2  -D_GNU_SOURCE -D_REENTRANT -L/home/test/opt/lib64  conftest.c  >&5
configure:18963: $? = 0
configure:18966: test -s conftest
configure:18969: $? = 0
configure:18980: result: yes
configure:18910: checking for yield
configure:18960: cc -o conftest -O2  -D_GNU_SOURCE -D_REENTRANT -L/home/test/opt/lib64  conftest.c  >&5
/tmp/ccKYhQg3.o: In function `main':
conftest.c:(.text+0x9): undefined reference to `yield'
/tmp/ccKYhQg3.o:(.data+0x0): undefined reference to `yield'
collect2: ld returned 1 exit status
configure:18963: $? = 1
configure: failed program was:
| #line 18915 "configure"
| /* confdefs.h.  */
| 
| #define PACKAGE_NAME "Berkeley DB"
| #define PACKAGE_TARNAME "db-4.1.25"
| #define PACKAGE_VERSION "4.1.25"
| #define PACKAGE_STRING "Berkeley DB 4.1.25"
| #define PACKAGE_BUGREPORT "support@sleepycat.com"
| #define STDC_HEADERS 1
| #define HAVE_SYS_TYPES_H 1
| #define HAVE_SYS_STAT_H 1
| #define HAVE_STDLIB_H 1
| #define HAVE_STRING_H 1
| #define HAVE_MEMORY_H 1
| #define HAVE_STRINGS_H 1
| #define HAVE_INTTYPES_H 1
| #define HAVE_STDINT_H 1
| #define HAVE_UNISTD_H 1
| #define HAVE_DLFCN_H 1
| #define TIME_WITH_SYS_TIME 1
| #define HAVE_DIRENT_H 1
| #define HAVE_SYS_SELECT_H 1
| #define HAVE_SYS_TIME_H 1
| #define HAVE_STRUCT_STAT_ST_BLKSIZE 1
| #define SIZEOF_CHAR 1
| #define SIZEOF_UNSIGNED_CHAR 1
| #define SIZEOF_SHORT 2
| #define SIZEOF_UNSIGNED_SHORT 2
| #define SIZEOF_INT 4
| #define SIZEOF_UNSIGNED_INT 4
| #define SIZEOF_LONG 8
| #define SIZEOF_UNSIGNED_LONG 8
| #define SIZEOF_SIZE_T 8
| #define SIZEOF_CHAR_P 8
| #define HAVE_EXIT_SUCCESS 1
| #define HAVE_MUTEX_X86_64_GCC_ASSEMBLY 1
| #define HAVE_MUTEX_THREADS 1
| #define HAVE_GETCWD 1
| #define HAVE_GETOPT 1
| #define HAVE_MEMCMP 1
| #define HAVE_MEMCPY 1
| #define HAVE_MEMMOVE 1
| #define HAVE_RAISE 1
| #define HAVE_SNPRINTF 1
| #define HAVE_STRCASECMP 1
| #define HAVE_STRDUP 1
| #define HAVE_STRERROR 1
| #define HAVE_VSNPRINTF 1
| #define HAVE_GETTIMEOFDAY 1
| #define HAVE_GETUID 1
| #define HAVE_SCHED_YIELD 1
| #define HAVE_SELECT 1
| #define HAVE_STRTOUL 1
| #define HAVE_SYSCONF 1
| /* end confdefs.h.  */
| /* System header to define __stub macros and hopefully few prototypes,
|     which can conflict with char yield (); below.
|     Prefer <limits.h> to <assert.h> if __STDC__ is defined, since
|     <limits.h> exists even on freestanding compilers.  */
| #ifdef __STDC__
| # include <limits.h>
| #else
| # include <assert.h>
| #endif
| /* Override any gcc2 internal prototype to avoid an error.  */
| #ifdef __cplusplus
| extern "C"
| {
| #endif
| /* We use char because int might match the return type of a gcc2
|    builtin and then its argument prototype would still apply.  */
| char yield ();
| /* The GNU C library defines this for functions which it implements
|     to always fail with ENOSYS.  Some functions are actually named
|     something starting with __ and the normal name is an alias.  */
| #if defined (__stub_yield) || defined (__stub___yield)
| choke me
| #else
| char (*f) () = yield;
| #endif
| #ifdef __cplusplus
| }
| #endif
| 
| int
| main ()
| {
| return f != yield;
|   ;
|   return 0;
| }
configure:18980: result: no
configure:18997: checking for qsort
configure:19047: cc -o conftest -O2  -D_GNU_SOURCE -D_REENTRANT -L/home/test/opt/lib64  conftest.c  >&5
configure:19050: $? = 0
configure:19053: test -s conftest
configure:19056: $? = 0
configure:19067: result: yes
configure:19093: checking for pread
configure:19143: cc -o conftest -O2  -D_GNU_SOURCE -D_REENTRANT -L/home/test/opt/lib64  conftest.c  >&5
configure:19146: $? = 0
configure:19149: test -s conftest
configure:19152: $? = 0
configure:19163: result: yes
configure:19093: checking for pwrite
configure:19143: cc -o conftest -O2  -D_GNU_SOURCE -D_REENTRANT -L/home/test/opt/lib64  conftest.c  >&5
configure:19146: $? = 0
configure:19149: test -s conftest
configure:19152: $? = 0
configure:19163: result: yes
configure:19176: checking for fcntl/F_SETFD
configure:19203: cc -o conftest -O2  -D_GNU_SOURCE -D_REENTRANT -L/home/test/opt/lib64  conftest.c  >&5
configure:19206: $? = 0
configure:19209: test -s conftest
configure:19212: $? = 0
configure:19223: result: yes
configure:19240: checking for open/O_DIRECT
configure:19305: cc -o conftest -O2  -D_GNU_SOURCE -D_REENTRANT -L/home/test/opt/lib64  conftest.c  >&5
configure: In function 'main':
configure:19352: warning: incompatible implicit declaration of built-in function 'exit'
configure:19308: $? = 0
configure:19310: ./conftest
configure:19313: $? = 1
configure: program exited with status 1
configure: failed program was:
| #line 19289 "configure"
| /* confdefs.h.  */
| 
| #define PACKAGE_NAME "Berkeley DB"
| #define PACKAGE_TARNAME "db-4.1.25"
| #define PACKAGE_VERSION "4.1.25"
| #define PACKAGE_STRING "Berkeley DB 4.1.25"
| #define PACKAGE_BUGREPORT "support@sleepycat.com"
| #define STDC_HEADERS 1
| #define HAVE_SYS_TYPES_H 1
| #define HAVE_SYS_STAT_H 1
| #define HAVE_STDLIB_H 1
| #define HAVE_STRING_H 1
| #define HAVE_MEMORY_H 1
| #define HAVE_STRINGS_H 1
| #define HAVE_INTTYPES_H 1
| #define HAVE_STDINT_H 1
| #define HAVE_UNISTD_H 1
| #define HAVE_DLFCN_H 1
| #define TIME_WITH_SYS_TIME 1
| #define HAVE_DIRENT_H 1
| #define HAVE_SYS_SELECT_H 1
| #define HAVE_SYS_TIME_H 1
| #define HAVE_STRUCT_STAT_ST_BLKSIZE 1
| #define SIZEOF_CHAR 1
| #define SIZEOF_UNSIGNED_CHAR 1
| #define SIZEOF_SHORT 2
| #define SIZEOF_UNSIGNED_SHORT 2
| #define SIZEOF_INT 4
| #define SIZEOF_UNSIGNED_INT 4
| #define SIZEOF_LONG 8
| #define SIZEOF_UNSIGNED_LONG 8
| #define SIZEOF_SIZE_T 8
| #define SIZEOF_CHAR_P 8
| #define HAVE_EXIT_SUCCESS 1
| #define HAVE_MUTEX_X86_64_GCC_ASSEMBLY 1
| #define HAVE_MUTEX_THREADS 1
| #define HAVE_GETCWD 1
| #define HAVE_GETOPT 1
| #define HAVE_MEMCMP 1
| #define HAVE_MEMCPY 1
| #define HAVE_MEMMOVE 1
| #define HAVE_RAISE 1
| #define HAVE_SNPRINTF 1
| #define HAVE_STRCASECMP 1
| #define HAVE_STRDUP 1
| #define HAVE_STRERROR 1
| #define HAVE_VSNPRINTF 1
| #define HAVE_GETTIMEOFDAY 1
| #define HAVE_GETUID 1
| #define HAVE_SCHED_YIELD 1
| #define HAVE_SELECT 1
| #define HAVE_STRTOUL 1
| #define HAVE_SYSCONF 1
| #define HAVE_QSORT 1
| #define HAVE_PREAD 1
| #define HAVE_PWRITE 1
| #define HAVE_FCNTL_F_SETFD 1
| /* end confdefs.h.  */
| 
| #include <sys/types.h>
| #include <fcntl.h>
| main() {
| int c, fd = open("__o_direct_file", O_RDONLY | O_DIRECT, 0);
| exit ((fd == -1) || (read(fd, &c, 1) != 1));
| }
configure:19328: result: no
configure:19347: checking for special C compiler options needed for large files
configure:19427: result: no
configure:19433: checking for _FILE_OFFSET_BITS value needed for large files
configure:19465: cc -c -O2  -D_GNU_SOURCE -D_REENTRANT conftest.c >&5
configure:19468: $? = 0
configure:19471: test -s conftest.o
configure:19474: $? = 0
configure:19530: result: no
configure:19540: checking for _LARGE_FILES value needed for large files
configure:19572: cc -c -O2  -D_GNU_SOURCE -D_REENTRANT conftest.c >&5
configure:19575: $? = 0
configure:19578: test -s conftest.o
configure:19581: $? = 0
configure:19637: result: no
configure:19764: checking for mlock
configure:19814: cc -o conftest -O2  -D_GNU_SOURCE -D_REENTRANT -L/home/test/opt/lib64  conftest.c  >&5
configure:19817: $? = 0
configure:19820: test -s conftest
configure:19823: $? = 0
configure:19834: result: yes
configure:19764: checking for munlock
configure:19814: cc -o conftest -O2  -D_GNU_SOURCE -D_REENTRANT -L/home/test/opt/lib64  conftest.c  >&5
configure:19817: $? = 0
configure:19820: test -s conftest
configure:19823: $? = 0
configure:19834: result: yes
configure:19849: checking for mmap
configure:19899: cc -o conftest -O2  -D_GNU_SOURCE -D_REENTRANT -L/home/test/opt/lib64  conftest.c  >&5
configure:19902: $? = 0
configure:19905: test -s conftest
configure:19908: $? = 0
configure:19919: result: yes
configure:19849: checking for munmap
configure:19899: cc -o conftest -O2  -D_GNU_SOURCE -D_REENTRANT -L/home/test/opt/lib64  conftest.c  >&5
configure:19902: $? = 0
configure:19905: test -s conftest
configure:19908: $? = 0
configure:19919: result: yes
configure:19948: checking for shmget
configure:19998: cc -o conftest -O2  -D_GNU_SOURCE -D_REENTRANT -L/home/test/opt/lib64  conftest.c  >&5
configure:20001: $? = 0
configure:20004: test -s conftest
configure:20007: $? = 0
configure:20018: result: yes
configure:20198: creating ./config.status

## ---------------------- ##
## Running config.status. ##
## ---------------------- ##

This file was extended by Berkeley DB config.status 4.1.25, which was
generated by GNU Autoconf 2.57.  Invocation command line was

  CONFIG_FILES    = 
  CONFIG_HEADERS  = 
  CONFIG_LINKS    = 
  CONFIG_COMMANDS = 
  $ ./config.status 

on linux-6tvq

config.status:734: creating Makefile
config.status:734: creating db_cxx.h
config.status:734: creating db_int.h
config.status:734: creating include.tcl
config.status:734: creating db.h
config.status:734: creating db_int_def.h
config.status:838: creating db_config.h
config.status:1047: db_config.h is unchanged

## ---------------- ##
## Cache variables. ##
## ---------------- ##

ac_ct_db_cv_path_ar=ar
ac_ct_db_cv_path_chmod=chmod
ac_ct_db_cv_path_cp=cp
ac_ct_db_cv_path_ln=ln
ac_ct_db_cv_path_mkdir=mkdir
ac_ct_db_cv_path_rm=rm
ac_cv_build=x86_64-unknown-linux-gnu
ac_cv_build_alias=x86_64-unknown-linux-gnu
ac_cv_c_compiler_gnu=yes
ac_cv_c_const=yes
ac_cv_env_CC_set=
ac_cv_env_CC_value=
ac_cv_env_CFLAGS_set=
ac_cv_env_CFLAGS_value=
ac_cv_env_CPPFLAGS_set=
ac_cv_env_CPPFLAGS_value=
ac_cv_env_CPP_set=
ac_cv_env_CPP_value=
ac_cv_env_CXXFLAGS_set=
ac_cv_env_CXXFLAGS_value=
ac_cv_env_CXX_set=
ac_cv_env_CXX_value=
ac_cv_env_LDFLAGS_set=set
ac_cv_env_LDFLAGS_value='-L/home/test/opt/lib64 '
ac_cv_env_build_alias_set=
ac_cv_env_build_alias_value=
ac_cv_env_host_alias_set=
ac_cv_env_host_alias_value=
ac_cv_env_target_alias_set=
ac_cv_env_target_alias_value=
ac_cv_exeext=
ac_cv_func__fstati64=no
ac_cv_func_clock_gettime=no
ac_cv_func_directio=no
ac_cv_func_getcwd=yes
ac_cv_func_getopt=yes
ac_cv_func_gettimeofday=yes
ac_cv_func_getuid=yes
ac_cv_func_memcmp=yes
ac_cv_func_memcpy=yes
ac_cv_func_memmove=yes
ac_cv_func_mlock=yes
ac_cv_func_mmap=yes
ac_cv_func_munlock=yes
ac_cv_func_munmap=yes
ac_cv_func_pread=yes
ac_cv_func_pstat_getdynamic=no
ac_cv_func_pwrite=yes
ac_cv_func_qsort=yes
ac_cv_func_raise=yes
ac_cv_func_sched_yield=yes
ac_cv_func_select=yes
ac_cv_func_shmget=yes
ac_cv_func_snprintf=yes
ac_cv_func_strcasecmp=yes
ac_cv_func_strdup=yes
ac_cv_func_strerror=yes
ac_cv_func_strtoul=yes
ac_cv_func_sysconf=yes
ac_cv_func_vsnprintf=yes
ac_cv_func_yield=no
ac_cv_header_dirent_dirent_h=yes
ac_cv_header_dlfcn_h=yes
ac_cv_header_inttypes_h=yes
ac_cv_header_memory_h=yes
ac_cv_header_stat_broken=no
ac_cv_header_stdc=yes
ac_cv_header_stdint_h=yes
ac_cv_header_stdlib_h=yes
ac_cv_header_string_h=yes
ac_cv_header_strings_h=yes
ac_cv_header_sys_select_h=yes
ac_cv_header_sys_stat_h=yes
ac_cv_header_sys_time_h=yes
ac_cv_header_sys_types_h=yes
ac_cv_header_time=yes
ac_cv_header_unistd_h=yes
ac_cv_host=x86_64-unknown-linux-gnu
ac_cv_host_alias=x86_64-unknown-linux-gnu
ac_cv_lib_m=ac_cv_lib_m_main
ac_cv_lib_m_main=yes
ac_cv_lib_nsl=ac_cv_lib_nsl_main
ac_cv_lib_nsl_main=yes
ac_cv_lib_pthread=ac_cv_lib_pthread_main
ac_cv_lib_pthread_main=yes
ac_cv_lib_socket=ac_cv_lib_socket_main
ac_cv_lib_socket_main=no
ac_cv_member_struct_stat_st_blksize=yes
ac_cv_objext=o
ac_cv_path_db_cv_path_ranlib=/usr/bin/ranlib
ac_cv_path_db_cv_path_sh=/usr/bin/sh
ac_cv_path_db_cv_path_strip=/usr/bin/strip
ac_cv_prog_CPP='cc -E'
ac_cv_prog_ac_ct_CC=cc
ac_cv_prog_ac_ct_RANLIB=ranlib
ac_cv_prog_ac_ct_STRIP=strip
ac_cv_prog_ac_ct_db_cv_path_ar=ar
ac_cv_prog_ac_ct_db_cv_path_chmod=chmod
ac_cv_prog_ac_ct_db_cv_path_cp=cp
ac_cv_prog_ac_ct_db_cv_path_ln=ln
ac_cv_prog_ac_ct_db_cv_path_mkdir=mkdir
ac_cv_prog_ac_ct_db_cv_path_rm=rm
ac_cv_prog_ac_ct_path_ranlib=ranlib
ac_cv_prog_ac_ct_path_sh=sh
ac_cv_prog_ac_ct_path_strip=strip
ac_cv_prog_cc_g=yes
ac_cv_prog_cc_stdc=
ac_cv_prog_egrep='grep -E'
ac_cv_search_opendir='none required'
ac_cv_sizeof_char=1
ac_cv_sizeof_char_p=8
ac_cv_sizeof_int=4
ac_cv_sizeof_long=8
ac_cv_sizeof_short=2
ac_cv_sizeof_size_t=8
ac_cv_sizeof_unsigned_char=1
ac_cv_sizeof_unsigned_int=4
ac_cv_sizeof_unsigned_long=8
ac_cv_sizeof_unsigned_short=2
ac_cv_sys_file_offset_bits=no
ac_cv_sys_large_files=no
ac_cv_sys_largefile_CC=no
ac_cv_type_char=yes
ac_cv_type_char_p=yes
ac_cv_type_int=yes
ac_cv_type_int16_t=yes
ac_cv_type_int32_t=yes
ac_cv_type_long=yes
ac_cv_type_off_t=yes
ac_cv_type_short=yes
ac_cv_type_size_t=yes
ac_cv_type_ssize_t=yes
ac_cv_type_u_char=yes
ac_cv_type_u_int=yes
ac_cv_type_u_int16_t=yes
ac_cv_type_u_int32_t=yes
ac_cv_type_u_int8_t=yes
ac_cv_type_u_long=yes
ac_cv_type_u_short=yes
ac_cv_type_unsigned_char=yes
ac_cv_type_unsigned_int=yes
ac_cv_type_unsigned_long=yes
ac_cv_type_unsigned_long_long=yes
ac_cv_type_unsigned_short=yes
db_cv_compat185=no
db_cv_cxx=no
db_cv_debug=no
db_cv_debug_rop=no
db_cv_debug_wop=no
db_cv_diagnostic=no
db_cv_dump185=no
db_cv_embedix=no
db_cv_exit_defines=yes
db_cv_fcntl_f_setfd=yes
db_cv_gcc_2_96=no
db_cv_gxx_except=no
db_cv_java=no
db_cv_mutex=x86_64/gcc-assembly
db_cv_open_o_direct=no
db_cv_path_ar=ar
db_cv_path_chmod=chmod
db_cv_path_cp=cp
db_cv_path_ln=ln
db_cv_path_mkdir=mkdir
db_cv_path_ranlib=/usr/bin/ranlib
db_cv_path_rm=rm
db_cv_path_sh=/usr/bin/sh
db_cv_path_strip=/usr/bin/strip
db_cv_posixmutexes=no
db_cv_pthreadsmutexes=no
db_cv_rpc=no
db_cv_rpm=no
db_cv_tcl=no
db_cv_test=no
db_cv_uimutexes=no
db_cv_umrw=no
db_cv_uniquename=yes
lt_cv_archive_cmds_need_lc=no
lt_cv_compiler_c_o=yes
lt_cv_compiler_o_lo=yes
lt_cv_deplibs_check_method=pass_all
lt_cv_file_magic_cmd='$MAGIC_CMD'
lt_cv_file_magic_test_file='/lib/libc.so.6 /lib/libc-2.9.so'
lt_cv_global_symbol_to_c_name_address='sed -n -e '\''s/^: \([^ ]*\) $/  {\"\1\", (lt_ptr) 0},/p'\'' -e '\''s/^[BCDEGRST] \([^ ]*\) \([^ ]*\)$/  {"\2", (lt_ptr) \&\2},/p'\'''
lt_cv_global_symbol_to_cdecl='sed -n -e '\''s/^. .* \(.*\)$/extern char \1;/p'\'''
lt_cv_ld_reload_flag=-r
lt_cv_path_LD=/usr/x86_64-suse-linux/bin/ld
lt_cv_path_NM='/usr/bin/nm -B'
lt_cv_prog_cc_can_build_shared=yes
lt_cv_prog_cc_no_builtin=
lt_cv_prog_cc_pic=' -fPIC'
lt_cv_prog_cc_pic_works=yes
lt_cv_prog_cc_shlib=
lt_cv_prog_cc_static=-static
lt_cv_prog_cc_static_works=yes
lt_cv_prog_cc_wl=-Wl,
lt_cv_prog_gnu_ld=yes
lt_cv_sys_global_symbol_pipe='sed -n -e '\''s/^.*[ 	]\([ABCDGISTW][ABCDGISTW]*\)[ 	][ 	]*\(\)\([_A-Za-z][_A-Za-z0-9]*\)$/\1 \2\3 \3/p'\'''

## ----------------- ##
## Output variables. ##
## ----------------- ##

ADDITIONAL_INCS=''
ADDITIONAL_LANG=''
ADDITIONAL_OBJS='mut_tas.lo '
ADDITIONAL_PROGS=''
BUILD_TARGET='library_build'
CC='cc'
CCC='CXX'
CFLAGS='-O2'
CONFIGURATION_ARGS='--disable-option-checking --prefix=/home/test/opt --enable-maintainer-mode --libdir /home/test/opt/lib64 --with-krb5=/usr --enable-nss=yes --with-nspr-includes=/usr/include/nspr4/ --with-nspr-libs=/usr/lib64 --with-nss-includes=/usr/include/nss3 --with-nss-libs=/usr/lib64 --enable-smime=yes --enable-nntp=yes --enable-exchange=yes --enable-gnome-keyring=yes --enable-gtk-doc=yes --with-openldap=/usr/lib64/evoldap/ --with-weather=yes LDFLAGS=-L/home/test/opt/lib64  --cache-file=/dev/null --srcdir=.'
CONFIGURATION_PATH='/home/test/git/gnome/evolution-data-server/libdb/dist'
CPP='cc -E'
CPPFLAGS=' -D_GNU_SOURCE -D_REENTRANT'
CXX=''
CXXFLAGS='-O2'
DB_VERSION_MAJOR='4'
DB_VERSION_MINOR='1'
DB_VERSION_PATCH='25'
DB_VERSION_STRING='"Sleepycat Software: Berkeley DB 4.1.25: (October 11, 2004)"'
DB_VERSION_UNIQUE_NAME='_eds'
DEFAULT_LIB='$(libso_target)'
DEFAULT_LIB_CXX=''
DEFS='-DHAVE_CONFIG_H'
ECHO='echo'
ECHO_C=''
ECHO_N='-n'
ECHO_T=''
EGREP='grep -E'
EMBEDIX_ECD_CXX=''
EMBEDIX_ECD_RPC=''
EMBEDIX_ROOT=''
EXEEXT=''
INSTALLER='$(LIBTOOL) --mode=install cp -p'
INSTALL_DATA='${INSTALL} -m 644'
INSTALL_LIBS='$(libso_target)'
INSTALL_PROGRAM='${INSTALL}'
INSTALL_SCRIPT='${INSTALL}'
INSTALL_TARGET='library_install'
JAR=''
JAVAC='nojavac'
JAVACFLAGS=''
JMODSUFFIX='so'
LDFLAGS='-L/home/test/opt/lib64 '
LIBJSO_LIBS=''
LIBOBJS=''
LIBS=''
LIBSO_LIBS=''
LIBTOOL='$(SHELL) ./libtool'
LIBTSO_LIBS=''
LIBXSO_LIBS=''
LN_S='ln -s'
LOAD_LIBS=' -lpthread -lm -lnsl'
LTLIBOBJS=''
MAKEFILE_CC='$(LIBTOOL) --mode=compile cc'
MAKEFILE_CCLINK='$(LIBTOOL) --mode=link cc'
MAKEFILE_CXX='$(LIBTOOL) --mode=compile nocxx'
MAKEFILE_CXXLINK='$(LIBTOOL) --mode=link nocxx'
MAKEFILE_MAYBE_WIN32=''
MAKEFILE_SOLINK='$(LIBTOOL) --mode=link cc -avoid-version'
MAKEFILE_XSOLINK='$(LIBTOOL) --mode=link nocxx -avoid-version'
MODSUFFIX='so'
OBJEXT='o'
PACKAGE_BUGREPORT='support@sleepycat.com'
PACKAGE_NAME='Berkeley DB'
PACKAGE_STRING='Berkeley DB 4.1.25'
PACKAGE_TARNAME='db-4.1.25'
PACKAGE_VERSION='4.1.25'
PATH_SEPARATOR=':'
POSTLINK='$(LIBTOOL) --mode=execute true'
RANLIB='ranlib'
RPC_CLIENT_OBJS=''
RPM_POST_INSTALL=''
RPM_POST_UNINSTALL=''
SHELL='/bin/sh'
SOFLAGS=''
SOSUFFIX='so'
STRIP='strip'
TCFLAGS=''
TCL_BIN_DIR=''
TCL_LIB_FILE=''
TCL_SRC_DIR=''
TCL_TCLSH=''
_ACJNI_JAVAC=''
ac_ct_CC='cc'
ac_ct_CCC=''
ac_ct_CXX=''
ac_ct_RANLIB='ranlib'
ac_ct_STRIP='strip'
ac_ct_db_cv_path_ar='ar'
ac_ct_db_cv_path_chmod='chmod'
ac_ct_db_cv_path_cp='cp'
ac_ct_db_cv_path_kill=''
ac_ct_db_cv_path_ln='ln'
ac_ct_db_cv_path_mkdir='mkdir'
ac_ct_db_cv_path_rm='rm'
ac_ct_db_cv_path_rpm=''
ac_ct_path_ldconfig=''
ac_ct_path_ranlib='ranlib'
ac_ct_path_sh='sh'
ac_ct_path_strip='strip'
bindir='${exec_prefix}/bin'
build='x86_64-unknown-linux-gnu'
build_alias=''
build_cpu='x86_64'
build_os='linux-gnu'
build_vendor='unknown'
cxx_have_stdheaders=''
datadir='${prefix}/share'
db_align_t_decl='typedef unsigned long long db_align_t;'
db_alignp_t_decl='typedef unsigned long db_alignp_t;'
db_cv_path_ar='ar'
db_cv_path_chmod='chmod'
db_cv_path_cp='cp'
db_cv_path_embedix_install=''
db_cv_path_kill=''
db_cv_path_ldconfig=''
db_cv_path_ln='ln'
db_cv_path_mkdir='mkdir'
db_cv_path_ranlib='/usr/bin/ranlib'
db_cv_path_rm='rm'
db_cv_path_rpm=''
db_cv_path_rpm_archive=''
db_cv_path_sh='/usr/bin/sh'
db_cv_path_strip='/usr/bin/strip'
db_int_def='#include "db_int_def.h"'
exec_prefix='${prefix}'
host='x86_64-unknown-linux-gnu'
host_alias=''
host_cpu='x86_64'
host_os='linux-gnu'
host_vendor='unknown'
includedir='${prefix}/include'
infodir='${prefix}/info'
int16_decl=''
int32_decl=''
libdir='/home/test/opt/lib64'
libexecdir='${exec_prefix}/libexec'
localstatedir='${prefix}/var'
mandir='${prefix}/man'
o='.lo'
oldincludedir='/usr/include'
path_ldconfig=''
path_ranlib='ranlib'
path_sh='sh'
path_strip='strip'
prefix='/home/test/opt'
program_transform_name='s,x,x,'
sbindir='${exec_prefix}/sbin'
sharedstatedir='${prefix}/com'
ssize_t_decl=''
sysconfdir='${prefix}/etc'
target_alias=''
u_char_decl=''
u_int16_decl=''
u_int32_decl=''
u_int8_decl=''
u_int_decl=''
u_long_decl=''
u_short_decl=''

## ----------- ##
## confdefs.h. ##
## ----------- ##

#define HAVE_DIRENT_H 1
#define HAVE_DLFCN_H 1
#define HAVE_EXIT_SUCCESS 1
#define HAVE_FCNTL_F_SETFD 1
#define HAVE_GETCWD 1
#define HAVE_GETOPT 1
#define HAVE_GETTIMEOFDAY 1
#define HAVE_GETUID 1
#define HAVE_INTTYPES_H 1
#define HAVE_MEMCMP 1
#define HAVE_MEMCPY 1
#define HAVE_MEMMOVE 1
#define HAVE_MEMORY_H 1
#define HAVE_MLOCK 1
#define HAVE_MMAP 1
#define HAVE_MUNLOCK 1
#define HAVE_MUNMAP 1
#define HAVE_MUTEX_THREADS 1
#define HAVE_MUTEX_X86_64_GCC_ASSEMBLY 1
#define HAVE_PREAD 1
#define HAVE_PWRITE 1
#define HAVE_QSORT 1
#define HAVE_RAISE 1
#define HAVE_SCHED_YIELD 1
#define HAVE_SELECT 1
#define HAVE_SHMGET 1
#define HAVE_SNPRINTF 1
#define HAVE_STDINT_H 1
#define HAVE_STDLIB_H 1
#define HAVE_STRCASECMP 1
#define HAVE_STRDUP 1
#define HAVE_STRERROR 1
#define HAVE_STRINGS_H 1
#define HAVE_STRING_H 1
#define HAVE_STRTOUL 1
#define HAVE_STRUCT_STAT_ST_BLKSIZE 1
#define HAVE_SYSCONF 1
#define HAVE_SYS_SELECT_H 1
#define HAVE_SYS_STAT_H 1
#define HAVE_SYS_TIME_H 1
#define HAVE_SYS_TYPES_H 1
#define HAVE_UNISTD_H 1
#define HAVE_VSNPRINTF 1
#define PACKAGE_BUGREPORT "support@sleepycat.com"
#define PACKAGE_NAME "Berkeley DB"
#define PACKAGE_STRING "Berkeley DB 4.1.25"
#define PACKAGE_TARNAME "db-4.1.25"
#define PACKAGE_VERSION "4.1.25"
#define SIZEOF_CHAR 1
#define SIZEOF_CHAR_P 8
#define SIZEOF_INT 4
#define SIZEOF_LONG 8
#define SIZEOF_SHORT 2
#define SIZEOF_SIZE_T 8
#define SIZEOF_UNSIGNED_CHAR 1
#define SIZEOF_UNSIGNED_INT 4
#define SIZEOF_UNSIGNED_LONG 8
#define SIZEOF_UNSIGNED_SHORT 2
#define STDC_HEADERS 1
#define TIME_WITH_SYS_TIME 1

configure: exit 0
